#
# There is insufficient memory for the Java Runtime Environment to continue.
# Native memory allocation (malloc) failed to allocate 758096 bytes. Error detail: Chunk::new
# Possible reasons:
#   The system is out of physical RAM or swap space
#   This process is running with CompressedOops enabled, and the Java Heap may be blocking the growth of the native heap
# Possible solutions:
#   Reduce memory load on the system
#   Increase physical memory or swap space
#   Check if swap backing store is full
#   Decrease Java heap size (-Xmx/-Xms)
#   Decrease number of Java threads
#   Decrease Java thread stack sizes (-Xss)
#   Set larger code cache with -XX:ReservedCodeCacheSize=
#   JVM is running with Unscaled Compressed Oops mode in which the Java heap is
#     placed in the first 4GB address space. The Java Heap base address is the
#     maximum limit for the native heap growth. Please use -XX:HeapBaseMinAddress
#     to set the Java Heap base and to place the Java Heap above 4GB virtual address.
# This output file may be truncated or incomplete.
#
#  Out of Memory Error (arena.cpp:168), pid=5584, tid=15700
#
# JRE version: OpenJDK Runtime Environment (21.0.7) (build 21.0.7+-13880790-b1038.58)
# Java VM: OpenJDK 64-Bit Server VM (21.0.7+-13880790-b1038.58, mixed mode, tiered, compressed oops, compressed class ptrs, g1 gc, windows-amd64)
# No core dump will be written. Minidumps are not enabled by default on client versions of Windows
#

---------------  S U M M A R Y ------------

Command Line: --add-opens=java.base/java.lang=ALL-UNNAMED --add-opens=java.base/java.lang.invoke=ALL-UNNAMED --add-opens=java.base/java.util=ALL-UNNAMED --add-opens=java.prefs/java.util.prefs=ALL-UNNAMED --add-exports=jdk.compiler/com.sun.tools.javac.api=ALL-UNNAMED --add-exports=jdk.compiler/com.sun.tools.javac.util=ALL-UNNAMED --add-opens=java.base/java.util=ALL-UNNAMED --add-opens=java.prefs/java.util.prefs=ALL-UNNAMED --add-opens=java.base/java.nio.charset=ALL-UNNAMED --add-opens=java.base/java.net=ALL-UNNAMED --add-opens=java.base/java.util.concurrent.atomic=ALL-UNNAMED --add-opens=java.xml/javax.xml.namespace=ALL-UNNAMED -XX:MaxPermSize=512m -XX:+HeapDumpOnOutOfMemoryError -Xmx1024m -Dfile.encoding=UTF-8 -Duser.country=US -Duser.language=en -Duser.variant -javaagent:C:\Users\admin\.gradle\wrapper\dists\gradle-8.13-bin\5xuhj0ry160q40clulazy9h7d\gradle-8.13\lib\agents\gradle-instrumentation-agent-8.13.jar org.gradle.launcher.daemon.bootstrap.GradleDaemon 8.13

Host: AMD Ryzen 5 6600H with Radeon Graphics         , 12 cores, 7G,  Windows 11 , 64 bit Build 26100 (10.0.26100.6725)
Time: Sat Oct 25 22:05:48 2025 SE Asia Standard Time elapsed time: 3.112825 seconds (0d 0h 0m 3s)

---------------  T H R E A D  ---------------

Current thread (0x00000284c5993c50):  JavaThread "C2 CompilerThread0" daemon [_thread_in_native, id=15700, stack(0x000000f21f800000,0x000000f21f900000) (1024K)]


Current CompileTask:
C2:3112 2915   !   4       java.net.URLClassLoader::findClass (47 bytes)

Stack: [0x000000f21f800000,0x000000f21f900000]
Native frames: (J=compiled Java code, j=interpreted, Vv=VM code, C=native code)
V  [jvm.dll+0x6d25c9]
V  [jvm.dll+0x860923]
V  [jvm.dll+0x862e7e]
V  [jvm.dll+0x863563]
V  [jvm.dll+0x27f156]
V  [jvm.dll+0xc002d]
V  [jvm.dll+0xc0563]
V  [jvm.dll+0x2f31f0]
V  [jvm.dll+0x5fc309]
V  [jvm.dll+0x250f82]
V  [jvm.dll+0x24977d]
V  [jvm.dll+0x24733e]
V  [jvm.dll+0x1c5fb4]
V  [jvm.dll+0x256bac]
V  [jvm.dll+0x2550f6]
V  [jvm.dll+0x3f1d16]
V  [jvm.dll+0x808d08]
V  [jvm.dll+0x6d0e1d]
C  [ucrtbase.dll+0x37b0]
C  [KERNEL32.DLL+0x2e8d7]
C  [ntdll.dll+0x8c53c]


---------------  P R O C E S S  ---------------

Threads class SMR info:
_java_thread_list=0x00000284cd239220, length=25, elements={
0x00000284acb37140, 0x00000284c5912e20, 0x00000284c593be30, 0x00000284c593d880,
0x00000284c598d1e0, 0x00000284c5975570, 0x00000284c59772e0, 0x00000284c5979bc0,
0x00000284c5993c50, 0x00000284c5996a10, 0x00000284c5c7fe90, 0x00000284c5c7f170,
0x00000284c5c7ca10, 0x00000284c5c7f800, 0x00000284c5c7e450, 0x00000284c5c7d0a0,
0x00000284c5c7ddc0, 0x00000284c5c7eae0, 0x00000284cb9bba60, 0x00000284cb9b9990,
0x00000284cb9bb3d0, 0x00000284cb9bad40, 0x00000284cb9bc0f0, 0x00000284cb9b8c70,
0x00000284cc119a40
}

Java Threads: ( => current thread )
  0x00000284acb37140 JavaThread "main"                              [_thread_blocked, id=20320, stack(0x000000f21e900000,0x000000f21ea00000) (1024K)]
  0x00000284c5912e20 JavaThread "Common-Cleaner"             daemon [_thread_blocked, id=15928, stack(0x000000f21f100000,0x000000f21f200000) (1024K)]
  0x00000284c593be30 JavaThread "Reference Handler"          daemon [_thread_blocked, id=19556, stack(0x000000f21f200000,0x000000f21f300000) (1024K)]
  0x00000284c593d880 JavaThread "Finalizer"                  daemon [_thread_blocked, id=21432, stack(0x000000f21f300000,0x000000f21f400000) (1024K)]
  0x00000284c598d1e0 JavaThread "Signal Dispatcher"          daemon [_thread_blocked, id=20988, stack(0x000000f21f400000,0x000000f21f500000) (1024K)]
  0x00000284c5975570 JavaThread "Attach Listener"            daemon [_thread_blocked, id=12192, stack(0x000000f21f500000,0x000000f21f600000) (1024K)]
  0x00000284c59772e0 JavaThread "Service Thread"             daemon [_thread_blocked, id=1384, stack(0x000000f21f600000,0x000000f21f700000) (1024K)]
  0x00000284c5979bc0 JavaThread "Monitor Deflation Thread"   daemon [_thread_blocked, id=1616, stack(0x000000f21f700000,0x000000f21f800000) (1024K)]
=>0x00000284c5993c50 JavaThread "C2 CompilerThread0"         daemon [_thread_in_native, id=15700, stack(0x000000f21f800000,0x000000f21f900000) (1024K)]
  0x00000284c5996a10 JavaThread "C1 CompilerThread0"         daemon [_thread_blocked, id=12752, stack(0x000000f21f900000,0x000000f21fa00000) (1024K)]
  0x00000284c5c7fe90 JavaThread "Notification Thread"        daemon [_thread_blocked, id=368, stack(0x000000f21fa00000,0x000000f21fb00000) (1024K)]
  0x00000284c5c7f170 JavaThread "Daemon health stats"               [_thread_blocked, id=4596, stack(0x000000f220300000,0x000000f220400000) (1024K)]
  0x00000284c5c7ca10 JavaThread "Incoming local TCP Connector on port 52610"        [_thread_in_native, id=15132, stack(0x000000f220400000,0x000000f220500000) (1024K)]
  0x00000284c5c7f800 JavaThread "Daemon periodic checks"            [_thread_blocked, id=2544, stack(0x000000f220500000,0x000000f220600000) (1024K)]
  0x00000284c5c7e450 JavaThread "Daemon"                            [_thread_blocked, id=20668, stack(0x000000f220600000,0x000000f220700000) (1024K)]
  0x00000284c5c7d0a0 JavaThread "Handler for socket connection from /127.0.0.1:52610 to /127.0.0.1:52611"        [_thread_in_native, id=11748, stack(0x000000f220700000,0x000000f220800000) (1024K)]
  0x00000284c5c7ddc0 JavaThread "Cancel handler"                    [_thread_blocked, id=17548, stack(0x000000f220800000,0x000000f220900000) (1024K)]
  0x00000284c5c7eae0 JavaThread "Daemon worker"                     [_thread_in_vm, id=13480, stack(0x000000f220900000,0x000000f220a00000) (1024K)]
  0x00000284cb9bba60 JavaThread "Asynchronous log dispatcher for DefaultDaemonConnection: socket connection from /127.0.0.1:52610 to /127.0.0.1:52611"        [_thread_blocked, id=13424, stack(0x000000f220a00000,0x000000f220b00000) (1024K)]
  0x00000284cb9b9990 JavaThread "Stdin handler"                     [_thread_blocked, id=9620, stack(0x000000f220b00000,0x000000f220c00000) (1024K)]
  0x00000284cb9bb3d0 JavaThread "Daemon client event forwarder"        [_thread_blocked, id=5652, stack(0x000000f220c00000,0x000000f220d00000) (1024K)]
  0x00000284cb9bad40 JavaThread "Cache worker for journal cache (C:\Users\admin\.gradle\caches\journal-1)"        [_thread_blocked, id=19640, stack(0x000000f221100000,0x000000f221200000) (1024K)]
  0x00000284cb9bc0f0 JavaThread "File lock request listener"        [_thread_in_native, id=11288, stack(0x000000f221200000,0x000000f221300000) (1024K)]
  0x00000284cb9b8c70 JavaThread "Cache worker for file hash cache (C:\Users\admin\.gradle\caches\8.13\fileHashes)"        [_thread_blocked, id=6856, stack(0x000000f21fb00000,0x000000f21fc00000) (1024K)]
  0x00000284cc119a40 JavaThread "C2 CompilerThread1"         daemon [_thread_in_native, id=15184, stack(0x000000f221300000,0x000000f221400000) (1024K)]
Total: 25

Other Threads:
  0x00000284c5767230 VMThread "VM Thread"                           [id=11488, stack(0x000000f21f000000,0x000000f21f100000) (1024K)]
  0x00000284c57220e0 WatcherThread "VM Periodic Task Thread"        [id=11028, stack(0x000000f21ef00000,0x000000f21f000000) (1024K)]
  0x00000284af089400 WorkerThread "GC Thread#0"                     [id=15280, stack(0x000000f21ea00000,0x000000f21eb00000) (1024K)]
  0x00000284ca198860 WorkerThread "GC Thread#1"                     [id=16508, stack(0x000000f21fc00000,0x000000f21fd00000) (1024K)]
  0x00000284ca33c430 WorkerThread "GC Thread#2"                     [id=17484, stack(0x000000f21fd00000,0x000000f21fe00000) (1024K)]
  0x00000284ca3ffa30 WorkerThread "GC Thread#3"                     [id=6680, stack(0x000000f21fe00000,0x000000f21ff00000) (1024K)]
  0x00000284cae2b8b0 WorkerThread "GC Thread#4"                     [id=5612, stack(0x000000f21ff00000,0x000000f220000000) (1024K)]
  0x00000284cb601500 WorkerThread "GC Thread#5"                     [id=21168, stack(0x000000f220000000,0x000000f220100000) (1024K)]
  0x00000284cb6018a0 WorkerThread "GC Thread#6"                     [id=13160, stack(0x000000f220100000,0x000000f220200000) (1024K)]
  0x00000284cb854400 WorkerThread "GC Thread#7"                     [id=19992, stack(0x000000f220200000,0x000000f220300000) (1024K)]
  0x00000284cb839db0 WorkerThread "GC Thread#8"                     [id=13856, stack(0x000000f220d00000,0x000000f220e00000) (1024K)]
  0x00000284cb838450 WorkerThread "GC Thread#9"                     [id=19660, stack(0x000000f220e00000,0x000000f220f00000) (1024K)]
  0x00000284af0918c0 ConcurrentGCThread "G1 Main Marker"            [id=14376, stack(0x000000f21eb00000,0x000000f21ec00000) (1024K)]
  0x00000284acbfc390 WorkerThread "G1 Conc#0"                       [id=19012, stack(0x000000f21ec00000,0x000000f21ed00000) (1024K)]
  0x00000284cb839670 WorkerThread "G1 Conc#1"                       [id=8412, stack(0x000000f220f00000,0x000000f221000000) (1024K)]
  0x00000284cb8387f0 WorkerThread "G1 Conc#2"                       [id=7956, stack(0x000000f221000000,0x000000f221100000) (1024K)]
  0x00000284af10e490 ConcurrentGCThread "G1 Refine#0"               [id=15124, stack(0x000000f21ed00000,0x000000f21ee00000) (1024K)]
  0x00000284c55f4180 ConcurrentGCThread "G1 Service"                [id=15136, stack(0x000000f21ee00000,0x000000f21ef00000) (1024K)]
Total: 18

Threads with active compile tasks:
C2 CompilerThread0  3145 2915   !   4       java.net.URLClassLoader::findClass (47 bytes)
C2 CompilerThread1  3145 2919       4       jdk.internal.org.objectweb.asm.Frame::push (59 bytes)
Total: 2

VM state: not at safepoint (normal execution)

VM Mutex/Monitor currently owned by a thread: None

Heap address: 0x00000000c0000000, size: 1024 MB, Compressed Oops mode: 32-bit

CDS archive(s) not mapped
Compressed class space mapped at: 0x0000000100000000-0x0000000140000000, reserved size: 1073741824
Narrow klass base: 0x0000000000000000, Narrow klass shift: 3, Narrow klass range: 0x140000000

GC Precious Log:
 CardTable entry size: 512
 Card Set container configuration: InlinePtr #cards 5 size 8 Array Of Cards #cards 12 size 40 Howl #buckets 4 coarsen threshold 1843 Howl Bitmap #cards 512 size 80 coarsen threshold 460 Card regions per heap region 1 cards per card region 2048
 CPUs: 12 total, 12 available
 Memory: 7365M
 Large Page Support: Disabled
 NUMA Support: Disabled
 Compressed Oops: Enabled (32-bit)
 Heap Region Size: 1M
 Heap Min Capacity: 8M
 Heap Initial Capacity: 116M
 Heap Max Capacity: 1G
 Pre-touch: Disabled
 Parallel Workers: 10
 Concurrent Workers: 3
 Concurrent Refinement Workers: 10
 Periodic GC: Disabled

Heap:
 garbage-first heap   total 71680K, used 37716K [0x00000000c0000000, 0x0000000100000000)
  region size 1024K, 21 young (21504K), 5 survivors (5120K)
 Metaspace       used 30155K, committed 30784K, reserved 1114112K
  class space    used 3929K, committed 4224K, reserved 1048576K

Heap Regions: E=young(eden), S=young(survivor), O=old, HS=humongous(starts), HC=humongous(continues), CS=collection set, F=free, TAMS=top-at-mark-start, PB=parsable bottom
|   0|0x00000000c0000000, 0x00000000c0100000, 0x00000000c0100000|100%|HS|  |TAMS 0x00000000c0000000| PB 0x00000000c0000000| Complete 
|   1|0x00000000c0100000, 0x00000000c0200000, 0x00000000c0200000|100%|HC|  |TAMS 0x00000000c0100000| PB 0x00000000c0100000| Complete 
|   2|0x00000000c0200000, 0x00000000c0300000, 0x00000000c0300000|100%|HC|  |TAMS 0x00000000c0200000| PB 0x00000000c0200000| Complete 
|   3|0x00000000c0300000, 0x00000000c0400000, 0x00000000c0400000|100%| O|  |TAMS 0x00000000c0300000| PB 0x00000000c0300000| Untracked 
|   4|0x00000000c0400000, 0x00000000c0500000, 0x00000000c0500000|100%| O|  |TAMS 0x00000000c0400000| PB 0x00000000c0400000| Untracked 
|   5|0x00000000c0500000, 0x00000000c0600000, 0x00000000c0600000|100%| O|  |TAMS 0x00000000c0500000| PB 0x00000000c0500000| Untracked 
|   6|0x00000000c0600000, 0x00000000c0700000, 0x00000000c0700000|100%|HS|  |TAMS 0x00000000c0600000| PB 0x00000000c0600000| Complete 
|   7|0x00000000c0700000, 0x00000000c0800000, 0x00000000c0800000|100%| O|  |TAMS 0x00000000c0700000| PB 0x00000000c0700000| Untracked 
|   8|0x00000000c0800000, 0x00000000c0900000, 0x00000000c0900000|100%| O|  |TAMS 0x00000000c0800000| PB 0x00000000c0800000| Untracked 
|   9|0x00000000c0900000, 0x00000000c0a00000, 0x00000000c0a00000|100%| O|  |TAMS 0x00000000c0900000| PB 0x00000000c0900000| Untracked 
|  10|0x00000000c0a00000, 0x00000000c0b00000, 0x00000000c0b00000|100%| O|  |TAMS 0x00000000c0a00000| PB 0x00000000c0a00000| Untracked 
|  11|0x00000000c0b00000, 0x00000000c0c00000, 0x00000000c0c00000|100%| O|  |TAMS 0x00000000c0b00000| PB 0x00000000c0b00000| Untracked 
|  12|0x00000000c0c00000, 0x00000000c0d00000, 0x00000000c0d00000|100%| O|  |TAMS 0x00000000c0c00000| PB 0x00000000c0c00000| Untracked 
|  13|0x00000000c0d00000, 0x00000000c0e00000, 0x00000000c0e00000|100%| O|  |TAMS 0x00000000c0d00000| PB 0x00000000c0d00000| Untracked 
|  14|0x00000000c0e00000, 0x00000000c0f00000, 0x00000000c0f00000|100%| O|  |TAMS 0x00000000c0e00000| PB 0x00000000c0e00000| Untracked 
|  15|0x00000000c0f00000, 0x00000000c1000000, 0x00000000c1000000|100%| O|  |TAMS 0x00000000c0f00000| PB 0x00000000c0f00000| Untracked 
|  16|0x00000000c1000000, 0x00000000c1100000, 0x00000000c1100000|100%| O|  |TAMS 0x00000000c1000000| PB 0x00000000c1000000| Untracked 
|  17|0x00000000c1100000, 0x00000000c1192e90, 0x00000000c1200000| 57%| O|Cm|TAMS 0x00000000c1100000| PB 0x00000000c1100000| Complete 
|  18|0x00000000c1200000, 0x00000000c1200000, 0x00000000c1300000|  0%| F|  |TAMS 0x00000000c1200000| PB 0x00000000c1200000| Untracked 
|  19|0x00000000c1300000, 0x00000000c1300000, 0x00000000c1400000|  0%| F|  |TAMS 0x00000000c1300000| PB 0x00000000c1300000| Untracked 
|  20|0x00000000c1400000, 0x00000000c1400000, 0x00000000c1500000|  0%| F|  |TAMS 0x00000000c1400000| PB 0x00000000c1400000| Untracked 
|  21|0x00000000c1500000, 0x00000000c1500000, 0x00000000c1600000|  0%| F|  |TAMS 0x00000000c1500000| PB 0x00000000c1500000| Untracked 
|  22|0x00000000c1600000, 0x00000000c1600000, 0x00000000c1700000|  0%| F|  |TAMS 0x00000000c1600000| PB 0x00000000c1600000| Untracked 
|  23|0x00000000c1700000, 0x00000000c17421f8, 0x00000000c1800000| 25%| S|CS|TAMS 0x00000000c1700000| PB 0x00000000c1700000| Complete 
|  24|0x00000000c1800000, 0x00000000c1900000, 0x00000000c1900000|100%| S|CS|TAMS 0x00000000c1800000| PB 0x00000000c1800000| Complete 
|  25|0x00000000c1900000, 0x00000000c1a00000, 0x00000000c1a00000|100%| S|CS|TAMS 0x00000000c1900000| PB 0x00000000c1900000| Complete 
|  26|0x00000000c1a00000, 0x00000000c1b00000, 0x00000000c1b00000|100%| S|CS|TAMS 0x00000000c1a00000| PB 0x00000000c1a00000| Complete 
|  27|0x00000000c1b00000, 0x00000000c1c00000, 0x00000000c1c00000|100%| S|CS|TAMS 0x00000000c1b00000| PB 0x00000000c1b00000| Complete 
|  28|0x00000000c1c00000, 0x00000000c1c00000, 0x00000000c1d00000|  0%| F|  |TAMS 0x00000000c1c00000| PB 0x00000000c1c00000| Untracked 
|  29|0x00000000c1d00000, 0x00000000c1d00000, 0x00000000c1e00000|  0%| F|  |TAMS 0x00000000c1d00000| PB 0x00000000c1d00000| Untracked 
|  30|0x00000000c1e00000, 0x00000000c1e00000, 0x00000000c1f00000|  0%| F|  |TAMS 0x00000000c1e00000| PB 0x00000000c1e00000| Untracked 
|  31|0x00000000c1f00000, 0x00000000c1f00000, 0x00000000c2000000|  0%| F|  |TAMS 0x00000000c1f00000| PB 0x00000000c1f00000| Untracked 
|  32|0x00000000c2000000, 0x00000000c2000000, 0x00000000c2100000|  0%| F|  |TAMS 0x00000000c2000000| PB 0x00000000c2000000| Untracked 
|  33|0x00000000c2100000, 0x00000000c2100000, 0x00000000c2200000|  0%| F|  |TAMS 0x00000000c2100000| PB 0x00000000c2100000| Untracked 
|  34|0x00000000c2200000, 0x00000000c2200000, 0x00000000c2300000|  0%| F|  |TAMS 0x00000000c2200000| PB 0x00000000c2200000| Untracked 
|  35|0x00000000c2300000, 0x00000000c2300000, 0x00000000c2400000|  0%| F|  |TAMS 0x00000000c2300000| PB 0x00000000c2300000| Untracked 
|  36|0x00000000c2400000, 0x00000000c2400000, 0x00000000c2500000|  0%| F|  |TAMS 0x00000000c2400000| PB 0x00000000c2400000| Untracked 
|  37|0x00000000c2500000, 0x00000000c2500000, 0x00000000c2600000|  0%| F|  |TAMS 0x00000000c2500000| PB 0x00000000c2500000| Untracked 
|  38|0x00000000c2600000, 0x00000000c2600000, 0x00000000c2700000|  0%| F|  |TAMS 0x00000000c2600000| PB 0x00000000c2600000| Untracked 
|  39|0x00000000c2700000, 0x00000000c2700000, 0x00000000c2800000|  0%| F|  |TAMS 0x00000000c2700000| PB 0x00000000c2700000| Untracked 
|  40|0x00000000c2800000, 0x00000000c2800000, 0x00000000c2900000|  0%| F|  |TAMS 0x00000000c2800000| PB 0x00000000c2800000| Untracked 
|  41|0x00000000c2900000, 0x00000000c2900000, 0x00000000c2a00000|  0%| F|  |TAMS 0x00000000c2900000| PB 0x00000000c2900000| Untracked 
|  42|0x00000000c2a00000, 0x00000000c2a00000, 0x00000000c2b00000|  0%| F|  |TAMS 0x00000000c2a00000| PB 0x00000000c2a00000| Untracked 
|  43|0x00000000c2b00000, 0x00000000c2b00000, 0x00000000c2c00000|  0%| F|  |TAMS 0x00000000c2b00000| PB 0x00000000c2b00000| Untracked 
|  44|0x00000000c2c00000, 0x00000000c2c00000, 0x00000000c2d00000|  0%| F|  |TAMS 0x00000000c2c00000| PB 0x00000000c2c00000| Untracked 
|  45|0x00000000c2d00000, 0x00000000c2d00000, 0x00000000c2e00000|  0%| F|  |TAMS 0x00000000c2d00000| PB 0x00000000c2d00000| Untracked 
|  46|0x00000000c2e00000, 0x00000000c2e00000, 0x00000000c2f00000|  0%| F|  |TAMS 0x00000000c2e00000| PB 0x00000000c2e00000| Untracked 
|  47|0x00000000c2f00000, 0x00000000c2f00000, 0x00000000c3000000|  0%| F|  |TAMS 0x00000000c2f00000| PB 0x00000000c2f00000| Untracked 
|  48|0x00000000c3000000, 0x00000000c3000000, 0x00000000c3100000|  0%| F|  |TAMS 0x00000000c3000000| PB 0x00000000c3000000| Untracked 
|  49|0x00000000c3100000, 0x00000000c3100000, 0x00000000c3200000|  0%| F|  |TAMS 0x00000000c3100000| PB 0x00000000c3100000| Untracked 
|  50|0x00000000c3200000, 0x00000000c3200000, 0x00000000c3300000|  0%| F|  |TAMS 0x00000000c3200000| PB 0x00000000c3200000| Untracked 
|  51|0x00000000c3300000, 0x00000000c3300000, 0x00000000c3400000|  0%| F|  |TAMS 0x00000000c3300000| PB 0x00000000c3300000| Untracked 
|  52|0x00000000c3400000, 0x00000000c3400000, 0x00000000c3500000|  0%| F|  |TAMS 0x00000000c3400000| PB 0x00000000c3400000| Untracked 
|  53|0x00000000c3500000, 0x00000000c3500000, 0x00000000c3600000|  0%| F|  |TAMS 0x00000000c3500000| PB 0x00000000c3500000| Untracked 
|  54|0x00000000c3600000, 0x00000000c36f3460, 0x00000000c3700000| 95%| E|  |TAMS 0x00000000c3600000| PB 0x00000000c3600000| Complete 
|  55|0x00000000c3700000, 0x00000000c3800000, 0x00000000c3800000|100%| E|CS|TAMS 0x00000000c3700000| PB 0x00000000c3700000| Complete 
|  56|0x00000000c3800000, 0x00000000c3900000, 0x00000000c3900000|100%| E|CS|TAMS 0x00000000c3800000| PB 0x00000000c3800000| Complete 
|  57|0x00000000c3900000, 0x00000000c3a00000, 0x00000000c3a00000|100%| E|CS|TAMS 0x00000000c3900000| PB 0x00000000c3900000| Complete 
|  58|0x00000000c3a00000, 0x00000000c3b00000, 0x00000000c3b00000|100%| E|CS|TAMS 0x00000000c3a00000| PB 0x00000000c3a00000| Complete 
|  59|0x00000000c3b00000, 0x00000000c3c00000, 0x00000000c3c00000|100%| E|CS|TAMS 0x00000000c3b00000| PB 0x00000000c3b00000| Complete 
|  60|0x00000000c3c00000, 0x00000000c3d00000, 0x00000000c3d00000|100%| E|CS|TAMS 0x00000000c3c00000| PB 0x00000000c3c00000| Complete 
|  61|0x00000000c3d00000, 0x00000000c3e00000, 0x00000000c3e00000|100%| E|CS|TAMS 0x00000000c3d00000| PB 0x00000000c3d00000| Complete 
|  62|0x00000000c3e00000, 0x00000000c3f00000, 0x00000000c3f00000|100%| E|CS|TAMS 0x00000000c3e00000| PB 0x00000000c3e00000| Complete 
|  63|0x00000000c3f00000, 0x00000000c4000000, 0x00000000c4000000|100%| E|CS|TAMS 0x00000000c3f00000| PB 0x00000000c3f00000| Complete 
|  64|0x00000000c4000000, 0x00000000c4100000, 0x00000000c4100000|100%| E|CS|TAMS 0x00000000c4000000| PB 0x00000000c4000000| Complete 
|  65|0x00000000c4100000, 0x00000000c4200000, 0x00000000c4200000|100%| E|CS|TAMS 0x00000000c4100000| PB 0x00000000c4100000| Complete 
|  93|0x00000000c5d00000, 0x00000000c5e00000, 0x00000000c5e00000|100%| E|CS|TAMS 0x00000000c5d00000| PB 0x00000000c5d00000| Complete 
|  94|0x00000000c5e00000, 0x00000000c5f00000, 0x00000000c5f00000|100%| E|CS|TAMS 0x00000000c5e00000| PB 0x00000000c5e00000| Complete 
|  95|0x00000000c5f00000, 0x00000000c6000000, 0x00000000c6000000|100%| E|CS|TAMS 0x00000000c5f00000| PB 0x00000000c5f00000| Complete 
| 115|0x00000000c7300000, 0x00000000c7400000, 0x00000000c7400000|100%| E|CS|TAMS 0x00000000c7300000| PB 0x00000000c7300000| Complete 

Card table byte_map: [0x00000284c1900000,0x00000284c1b00000] _byte_map_base: 0x00000284c1300000

Marking Bits: (CMBitMap*) 0x00000284af089a10
 Bits: [0x00000284c1b00000, 0x00000284c2b00000)

Polling page: 0x00000284ace70000

Metaspace:

Usage:
  Non-class:     25.62 MB used.
      Class:      3.84 MB used.
       Both:     29.46 MB used.

Virtual space:
  Non-class space:       64.00 MB reserved,      25.94 MB ( 41%) committed,  1 nodes.
      Class space:        1.00 GB reserved,       4.12 MB ( <1%) committed,  1 nodes.
             Both:        1.06 GB reserved,      30.06 MB (  3%) committed. 

Chunk freelists:
   Non-Class:  5.91 MB
       Class:  11.73 MB
        Both:  17.63 MB

MaxMetaspaceSize: unlimited
CompressedClassSpaceSize: 1.00 GB
Initial GC threshold: 21.00 MB
Current GC threshold: 35.25 MB
CDS: off
 - commit_granule_bytes: 65536.
 - commit_granule_words: 8192.
 - virtual_space_node_default_size: 8388608.
 - enlarge_chunks_in_place: 1.
 - use_allocation_guard: 0.


Internal statistics:

num_allocs_failed_limit: 3.
num_arena_births: 866.
num_arena_deaths: 0.
num_vsnodes_births: 2.
num_vsnodes_deaths: 0.
num_space_committed: 481.
num_space_uncommitted: 0.
num_chunks_returned_to_freelist: 3.
num_chunks_taken_from_freelist: 1724.
num_chunk_merges: 3.
num_chunk_splits: 1084.
num_chunks_enlarged: 674.
num_inconsistent_stats: 0.

CodeHeap 'non-profiled nmethods': size=120000Kb used=1585Kb max_used=1585Kb free=118414Kb
 bounds [0x00000284b9c70000, 0x00000284b9ee0000, 0x00000284c11a0000]
CodeHeap 'profiled nmethods': size=120000Kb used=5853Kb max_used=5853Kb free=114146Kb
 bounds [0x00000284b21a0000, 0x00000284b2760000, 0x00000284b96d0000]
CodeHeap 'non-nmethods': size=5760Kb used=1480Kb max_used=1529Kb free=4279Kb
 bounds [0x00000284b96d0000, 0x00000284b9940000, 0x00000284b9c70000]
 total_blobs=3541 nmethods=2965 adapters=480
 compilation: enabled
              stopped_count=0, restarted_count=0
 full_count=0

Compilation events (20 events):
Event: 3.071 Thread 0x00000284c5996a10 2950   !   3       java.lang.invoke.LambdaFormEditor::putInCache (523 bytes)
Event: 3.073 Thread 0x00000284c5996a10 nmethod 2950 0x00000284b2745490 code [0x00000284b2745920, 0x00000284b2748270]
Event: 3.073 Thread 0x00000284c5996a10 2948       3       java.lang.invoke.LambdaFormBuffer::<init> (89 bytes)
Event: 3.073 Thread 0x00000284c5996a10 nmethod 2948 0x00000284b2749410 code [0x00000284b27495e0, 0x00000284b27499b0]
Event: 3.073 Thread 0x00000284c5996a10 2949       3       java.lang.invoke.LambdaFormBuffer::startEdit (247 bytes)
Event: 3.074 Thread 0x00000284c5996a10 nmethod 2949 0x00000284b2749b10 code [0x00000284b2749d20, 0x00000284b274a3d0]
Event: 3.074 Thread 0x00000284c5996a10 2951       3       java.lang.invoke.LambdaFormBuffer::insertParameter (30 bytes)
Event: 3.074 Thread 0x00000284c5996a10 nmethod 2951 0x00000284b274a610 code [0x00000284b274a7c0, 0x00000284b274a918]
Event: 3.074 Thread 0x00000284c5996a10 2952       3       java.lang.invoke.InvokerBytecodeGenerator::emitReturnInsn (122 bytes)
Event: 3.075 Thread 0x00000284c5996a10 nmethod 2952 0x00000284b274aa10 code [0x00000284b274ac80, 0x00000284b274b628]
Event: 3.081 Thread 0x00000284c5996a10 2953       3       java.lang.invoke.InvokerBytecodeGenerator::methodPrologue (29 bytes)
Event: 3.081 Thread 0x00000284c5996a10 nmethod 2953 0x00000284b274b990 code [0x00000284b274bb60, 0x00000284b274be88]
Event: 3.081 Thread 0x00000284c5996a10 2955       3       java.lang.invoke.LambdaFormBuffer::replaceFunctions (121 bytes)
Event: 3.082 Thread 0x00000284c5996a10 nmethod 2955 0x00000284b274c010 code [0x00000284b274c260, 0x00000284b274cbd0]
Event: 3.082 Thread 0x00000284c5996a10 2954       3       java.lang.invoke.LambdaFormEditor::newSpeciesData (9 bytes)
Event: 3.082 Thread 0x00000284c5996a10 nmethod 2954 0x00000284b274cf10 code [0x00000284b274d0e0, 0x00000284b274d2c8]
Event: 3.082 Thread 0x00000284c5996a10 2956       3       java.lang.invoke.LambdaFormBuffer::renameParameter (29 bytes)
Event: 3.082 Thread 0x00000284c5996a10 nmethod 2956 0x00000284b274d410 code [0x00000284b274d5c0, 0x00000284b274d718]
Event: 3.085 Thread 0x00000284c5996a10 2957       3       java.lang.invoke.BoundMethodHandle::speciesDataFor (32 bytes)
Event: 3.085 Thread 0x00000284c5996a10 nmethod 2957 0x00000284b274d810 code [0x00000284b274d9e0, 0x00000284b274dd40]

GC Heap History (10 events):
Event: 0.377 GC heap before
{Heap before GC invocations=0 (full 0):
 garbage-first heap   total 118784K, used 22528K [0x00000000c0000000, 0x0000000100000000)
  region size 1024K, 23 young (23552K), 0 survivors (0K)
 Metaspace       used 8080K, committed 8192K, reserved 1114112K
  class space    used 728K, committed 768K, reserved 1048576K
}
Event: 0.381 GC heap after
{Heap after GC invocations=1 (full 0):
 garbage-first heap   total 118784K, used 2368K [0x00000000c0000000, 0x0000000100000000)
  region size 1024K, 3 young (3072K), 3 survivors (3072K)
 Metaspace       used 8080K, committed 8192K, reserved 1114112K
  class space    used 728K, committed 768K, reserved 1048576K
}
Event: 0.931 GC heap before
{Heap before GC invocations=1 (full 0):
 garbage-first heap   total 118784K, used 41280K [0x00000000c0000000, 0x0000000100000000)
  region size 1024K, 39 young (39936K), 3 survivors (3072K)
 Metaspace       used 12319K, committed 12544K, reserved 1114112K
  class space    used 1316K, committed 1408K, reserved 1048576K
}
Event: 0.939 GC heap after
{Heap after GC invocations=2 (full 0):
 garbage-first heap   total 118784K, used 10734K [0x00000000c0000000, 0x0000000100000000)
  region size 1024K, 5 young (5120K), 5 survivors (5120K)
 Metaspace       used 12319K, committed 12544K, reserved 1114112K
  class space    used 1316K, committed 1408K, reserved 1048576K
}
Event: 1.468 GC heap before
{Heap before GC invocations=2 (full 0):
 garbage-first heap   total 118784K, used 60910K [0x00000000c0000000, 0x0000000100000000)
  region size 1024K, 52 young (53248K), 5 survivors (5120K)
 Metaspace       used 14992K, committed 15232K, reserved 1114112K
  class space    used 1670K, committed 1792K, reserved 1048576K
}
Event: 1.476 GC heap after
{Heap after GC invocations=3 (full 0):
 garbage-first heap   total 118784K, used 18176K [0x00000000c0000000, 0x0000000100000000)
  region size 1024K, 6 young (6144K), 6 survivors (6144K)
 Metaspace       used 14992K, committed 15232K, reserved 1114112K
  class space    used 1670K, committed 1792K, reserved 1048576K
}
Event: 1.873 GC heap before
{Heap before GC invocations=3 (full 0):
 garbage-first heap   total 118784K, used 37632K [0x00000000c0000000, 0x0000000100000000)
  region size 1024K, 26 young (26624K), 6 survivors (6144K)
 Metaspace       used 21256K, committed 21504K, reserved 1114112K
  class space    used 2478K, committed 2624K, reserved 1048576K
}
Event: 1.877 GC heap after
{Heap after GC invocations=4 (full 0):
 garbage-first heap   total 118784K, used 20560K [0x00000000c0000000, 0x0000000100000000)
  region size 1024K, 3 young (3072K), 3 survivors (3072K)
 Metaspace       used 21256K, committed 21504K, reserved 1114112K
  class space    used 2478K, committed 2624K, reserved 1048576K
}
Event: 2.787 GC heap before
{Heap before GC invocations=5 (full 0):
 garbage-first heap   total 71680K, used 59472K [0x00000000c0000000, 0x0000000100000000)
  region size 1024K, 42 young (43008K), 3 survivors (3072K)
 Metaspace       used 28081K, committed 28544K, reserved 1114112K
  class space    used 3553K, committed 3776K, reserved 1048576K
}
Event: 2.791 GC heap after
{Heap after GC invocations=6 (full 0):
 garbage-first heap   total 71680K, used 22356K [0x00000000c0000000, 0x0000000100000000)
  region size 1024K, 5 young (5120K), 5 survivors (5120K)
 Metaspace       used 28081K, committed 28544K, reserved 1114112K
  class space    used 3553K, committed 3776K, reserved 1048576K
}

Dll operation events (3 events):
Event: 0.013 Loaded shared library C:\Program Files\Android\Android Studio\jbr\bin\java.dll
Event: 0.019 Loaded shared library C:\Program Files\Android\Android Studio\jbr\bin\zip.dll
Event: 0.471 Loaded shared library C:\Program Files\Android\Android Studio\jbr\bin\verify.dll

Deoptimization events (20 events):
Event: 2.592 Thread 0x00000284c5c7eae0 DEOPT PACKING pc=0x00000284b9d10b88 sp=0x000000f2209fb660
Event: 2.592 Thread 0x00000284c5c7eae0 DEOPT UNPACKING pc=0x00000284b97246a2 sp=0x000000f2209fb630 mode 2
Event: 2.645 Thread 0x00000284c5c7eae0 Uncommon trap: trap_request=0xffffff45 fr.pc=0x00000284b9c9c590 relative=0x00000000000000f0
Event: 2.645 Thread 0x00000284c5c7eae0 Uncommon trap: reason=unstable_if action=reinterpret pc=0x00000284b9c9c590 method=java.util.HashMap.hash(Ljava/lang/Object;)I @ 1 c2
Event: 2.645 Thread 0x00000284c5c7eae0 DEOPT PACKING pc=0x00000284b9c9c590 sp=0x000000f2209fc760
Event: 2.645 Thread 0x00000284c5c7eae0 DEOPT UNPACKING pc=0x00000284b97246a2 sp=0x000000f2209fc6a0 mode 2
Event: 2.673 Thread 0x00000284c5c7eae0 DEOPT PACKING pc=0x00000284b261d722 sp=0x000000f2209f8c00
Event: 2.673 Thread 0x00000284c5c7eae0 DEOPT UNPACKING pc=0x00000284b9724e42 sp=0x000000f2209f8110 mode 0
Event: 2.680 Thread 0x00000284c5c7eae0 Uncommon trap: trap_request=0xffffff45 fr.pc=0x00000284b9dd2ba8 relative=0x0000000000000568
Event: 2.680 Thread 0x00000284c5c7eae0 Uncommon trap: reason=unstable_if action=reinterpret pc=0x00000284b9dd2ba8 method=java.util.ArrayList.grow(I)[Ljava/lang/Object; @ 17 c2
Event: 2.680 Thread 0x00000284c5c7eae0 DEOPT PACKING pc=0x00000284b9dd2ba8 sp=0x000000f2209fd6d0
Event: 2.681 Thread 0x00000284c5c7eae0 DEOPT UNPACKING pc=0x00000284b97246a2 sp=0x000000f2209fd688 mode 2
Event: 2.716 Thread 0x00000284c5c7eae0 DEOPT PACKING pc=0x00000284b261d722 sp=0x000000f2209fcaa0
Event: 2.716 Thread 0x00000284c5c7eae0 DEOPT UNPACKING pc=0x00000284b9724e42 sp=0x000000f2209fbfb0 mode 0
Event: 2.820 Thread 0x00000284c5c7eae0 DEOPT PACKING pc=0x00000284b261d701 sp=0x000000f2209f8a70
Event: 2.820 Thread 0x00000284c5c7eae0 DEOPT UNPACKING pc=0x00000284b9724e42 sp=0x000000f2209f7f80 mode 0
Event: 2.854 Thread 0x00000284c5c7eae0 DEOPT PACKING pc=0x00000284b261d722 sp=0x000000f2209fa0a0
Event: 2.854 Thread 0x00000284c5c7eae0 DEOPT UNPACKING pc=0x00000284b9724e42 sp=0x000000f2209f95b0 mode 0
Event: 2.880 Thread 0x00000284c5c7eae0 DEOPT PACKING pc=0x00000284b261d722 sp=0x000000f2209fa1c0
Event: 2.880 Thread 0x00000284c5c7eae0 DEOPT UNPACKING pc=0x00000284b9724e42 sp=0x000000f2209f96d0 mode 0

Classes loaded (20 events):
Event: 2.713 Loading class java/lang/invoke/BoundMethodHandle$Species_LLLLLLLLLLLLLLLLLLLL
Event: 2.713 Loading class java/lang/invoke/BoundMethodHandle$Species_LLLLLLLLLLLLLLLLLLLL done
Event: 2.714 Loading class java/lang/invoke/BoundMethodHandle$Species_LLLLLLLLLLLLLLLLLLLLL
Event: 2.714 Loading class java/lang/invoke/BoundMethodHandle$Species_LLLLLLLLLLLLLLLLLLLLL done
Event: 2.716 Loading class java/lang/invoke/BoundMethodHandle$Species_LLLLLLLLLLLLLLLLLLLLLL
Event: 2.716 Loading class java/lang/invoke/BoundMethodHandle$Species_LLLLLLLLLLLLLLLLLLLLLL done
Event: 2.718 Loading class java/lang/invoke/BoundMethodHandle$Species_LLLLLLLLLLLLLLLLLLLLLLL
Event: 2.718 Loading class java/lang/invoke/BoundMethodHandle$Species_LLLLLLLLLLLLLLLLLLLLLLL done
Event: 2.719 Loading class java/lang/invoke/BoundMethodHandle$Species_LLLLLLLLLLLLLLLLLLLLLLLL
Event: 2.719 Loading class java/lang/invoke/BoundMethodHandle$Species_LLLLLLLLLLLLLLLLLLLLLLLL done
Event: 2.758 Loading class java/util/Collections$2
Event: 2.759 Loading class java/util/Collections$2 done
Event: 2.888 Loading class java/util/function/LongFunction
Event: 2.888 Loading class java/util/function/LongFunction done
Event: 2.954 Loading class java/security/InvalidKeyException
Event: 2.954 Loading class java/security/KeyException
Event: 2.954 Loading class java/security/KeyException done
Event: 2.954 Loading class java/security/InvalidKeyException done
Event: 3.021 Loading class java/util/regex/Pattern$Dollar
Event: 3.022 Loading class java/util/regex/Pattern$Dollar done

Classes unloaded (0 events):
No events

Classes redefined (0 events):
No events

Internal exceptions (20 events):
Event: 2.575 Thread 0x00000284c5c7eae0 Exception <a 'java/lang/NoSuchMethodError'{0x00000000c29eb070}: 'java.lang.Object java.lang.invoke.DirectMethodHandle$Holder.invokeVirtual(java.lang.Object, java.lang.Object, java.lang.Object, java.lang.Object, java.lang.Object, java.lang.Object, java.lang.Object, java.lang.Object)'> (0x00000000c29eb070) 
thrown [s\src\hotspot\share\interpreter\linkResolver.cpp, line 784]
Event: 2.588 Thread 0x00000284c5c7eae0 Exception <a 'java/lang/NoSuchMethodError'{0x00000000c288ebb0}: 'java.lang.Object java.lang.invoke.DirectMethodHandle$Holder.invokeVirtual(java.lang.Object, java.lang.Object, java.lang.Object, java.lang.Object, java.lang.Object, java.lang.Object, java.lang.Object, java.lang.Object, java.lang.Object, java.lang.Object)'> (0x00000000c288ebb0) 
thrown [s\src\hotspot\share\interpreter\linkResolver.cpp, line 784]
Event: 2.624 Thread 0x00000284c5c7eae0 Exception <a 'java/lang/NoSuchMethodError'{0x00000000c266f718}: 'int java.lang.invoke.DirectMethodHandle$Holder.invokeSpecialIFC(java.lang.Object, java.lang.Object, java.lang.Object, java.lang.Object)'> (0x00000000c266f718) 
thrown [s\src\hotspot\share\interpreter\linkResolver.cpp, line 784]
Event: 2.625 Thread 0x00000284c5c7eae0 Exception <a 'java/lang/IncompatibleClassChangeError'{0x00000000c267cf80}: Found class java.lang.Object, but interface was expected> (0x00000000c267cf80) 
thrown [s\src\hotspot\share\interpreter\linkResolver.cpp, line 851]
Event: 2.645 Thread 0x00000284c5c7eae0 Implicit null exception at 0x00000284b9c9c4e6 to 0x00000284b9c9c586
Event: 2.700 Thread 0x00000284c5c7eae0 Exception <a 'java/lang/NoSuchMethodError'{0x00000000c22de718}: 'java.lang.Object java.lang.invoke.DelegatingMethodHandle$Holder.reinvoke_L(java.lang.Object, java.lang.Object, java.lang.Object, java.lang.Object, java.lang.Object, java.lang.Object, java.lang.Object, java.lang.Object, java.lang.Object, java.lang.Object, java.lang.Object, java.lang.Object, java.lang.Object, java.lang.Object, java.lang.Object, java.lang.Object, java.lang.Object, java.lang.Object, java.lang.Object, java.lang.Object, java.lang.O
Event: 2.704 Thread 0x00000284c5c7eae0 Exception <a 'java/lang/NoSuchMethodError'{0x00000000c214dbc0}: 'java.lang.Object java.lang.invoke.DirectMethodHandle$Holder.invokeStatic(java.lang.Object, java.lang.Object, java.lang.Object, java.lang.Object, java.lang.Object, java.lang.Object, java.lang.Object, java.lang.Object, java.lang.Object, java.lang.Object, java.lang.Object, java.lang.Object, java.lang.Object, java.lang.Object, java.lang.Object, java.lang.Object, java.lang.Object)'> (0x00000000c214dbc0) 
thrown [s\src\hotspot\share\interpreter\lin
Event: 2.705 Thread 0x00000284c5c7eae0 Exception <a 'java/lang/NoSuchMethodError'{0x00000000c2176bc8}: 'java.lang.Object java.lang.invoke.DirectMethodHandle$Holder.invokeStatic(java.lang.Object, java.lang.Object, java.lang.Object, java.lang.Object, java.lang.Object, java.lang.Object, java.lang.Object, java.lang.Object, java.lang.Object, java.lang.Object, java.lang.Object, java.lang.Object, java.lang.Object, java.lang.Object, java.lang.Object, java.lang.Object, java.lang.Object, java.lang.Object)'> (0x00000000c2176bc8) 
thrown [s\src\hotspot\sha
Event: 2.707 Thread 0x00000284c5c7eae0 Exception <a 'java/lang/NoSuchMethodError'{0x00000000c21a0e08}: 'java.lang.Object java.lang.invoke.DirectMethodHandle$Holder.invokeStatic(java.lang.Object, java.lang.Object, java.lang.Object, java.lang.Object, java.lang.Object, java.lang.Object, java.lang.Object, java.lang.Object, java.lang.Object, java.lang.Object, java.lang.Object, java.lang.Object, java.lang.Object, java.lang.Object, java.lang.Object, java.lang.Object, java.lang.Object, java.lang.Object, java.lang.Object)'> (0x00000000c21a0e08) 
thrown 
Event: 2.709 Thread 0x00000284c5c7eae0 Exception <a 'java/lang/NoSuchMethodError'{0x00000000c21cc4c8}: 'java.lang.Object java.lang.invoke.DirectMethodHandle$Holder.invokeStatic(java.lang.Object, java.lang.Object, java.lang.Object, java.lang.Object, java.lang.Object, java.lang.Object, java.lang.Object, java.lang.Object, java.lang.Object, java.lang.Object, java.lang.Object, java.lang.Object, java.lang.Object, java.lang.Object, java.lang.Object, java.lang.Object, java.lang.Object, java.lang.Object, java.lang.Object, java.lang.Object)'> (0x00000000
Event: 2.710 Thread 0x00000284c5c7eae0 Exception <a 'java/lang/NoSuchMethodError'{0x00000000c21f9000}: 'java.lang.Object java.lang.invoke.DirectMethodHandle$Holder.invokeStatic(java.lang.Object, java.lang.Object, java.lang.Object, java.lang.Object, java.lang.Object, java.lang.Object, java.lang.Object, java.lang.Object, java.lang.Object, java.lang.Object, java.lang.Object, java.lang.Object, java.lang.Object, java.lang.Object, java.lang.Object, java.lang.Object, java.lang.Object, java.lang.Object, java.lang.Object, java.lang.Object, java.lang.Obj
Event: 2.712 Thread 0x00000284c5c7eae0 Exception <a 'java/lang/NoSuchMethodError'{0x00000000c2026d00}: 'java.lang.Object java.lang.invoke.DirectMethodHandle$Holder.invokeStatic(java.lang.Object, java.lang.Object, java.lang.Object, java.lang.Object, java.lang.Object, java.lang.Object, java.lang.Object, java.lang.Object, java.lang.Object, java.lang.Object, java.lang.Object, java.lang.Object, java.lang.Object, java.lang.Object, java.lang.Object, java.lang.Object, java.lang.Object, java.lang.Object, java.lang.Object, java.lang.Object, java.lang.Obj
Event: 2.713 Thread 0x00000284c5c7eae0 Exception <a 'java/lang/NoSuchMethodError'{0x00000000c2055838}: 'java.lang.Object java.lang.invoke.DirectMethodHandle$Holder.invokeStatic(java.lang.Object, java.lang.Object, java.lang.Object, java.lang.Object, java.lang.Object, java.lang.Object, java.lang.Object, java.lang.Object, java.lang.Object, java.lang.Object, java.lang.Object, java.lang.Object, java.lang.Object, java.lang.Object, java.lang.Object, java.lang.Object, java.lang.Object, java.lang.Object, java.lang.Object, java.lang.Object, java.lang.Obj
Event: 2.715 Thread 0x00000284c5c7eae0 Exception <a 'java/lang/NoSuchMethodError'{0x00000000c2085180}: 'java.lang.Object java.lang.invoke.DirectMethodHandle$Holder.invokeStatic(java.lang.Object, java.lang.Object, java.lang.Object, java.lang.Object, java.lang.Object, java.lang.Object, java.lang.Object, java.lang.Object, java.lang.Object, java.lang.Object, java.lang.Object, java.lang.Object, java.lang.Object, java.lang.Object, java.lang.Object, java.lang.Object, java.lang.Object, java.lang.Object, java.lang.Object, java.lang.Object, java.lang.Obj
Event: 2.717 Thread 0x00000284c5c7eae0 Exception <a 'java/lang/NoSuchMethodError'{0x00000000c20bb7d8}: 'java.lang.Object java.lang.invoke.DirectMethodHandle$Holder.invokeStatic(java.lang.Object, java.lang.Object, java.lang.Object, java.lang.Object, java.lang.Object, java.lang.Object, java.lang.Object, java.lang.Object, java.lang.Object, java.lang.Object, java.lang.Object, java.lang.Object, java.lang.Object, java.lang.Object, java.lang.Object, java.lang.Object, java.lang.Object, java.lang.Object, java.lang.Object, java.lang.Object, java.lang.Obj
Event: 2.718 Thread 0x00000284c5c7eae0 Exception <a 'java/lang/NoSuchMethodError'{0x00000000c20ec940}: 'java.lang.Object java.lang.invoke.DirectMethodHandle$Holder.invokeStatic(java.lang.Object, java.lang.Object, java.lang.Object, java.lang.Object, java.lang.Object, java.lang.Object, java.lang.Object, java.lang.Object, java.lang.Object, java.lang.Object, java.lang.Object, java.lang.Object, java.lang.Object, java.lang.Object, java.lang.Object, java.lang.Object, java.lang.Object, java.lang.Object, java.lang.Object, java.lang.Object, java.lang.Obj
Event: 2.720 Thread 0x00000284c5c7eae0 Exception <a 'java/lang/NoSuchMethodError'{0x00000000c1f1f650}: 'java.lang.Object java.lang.invoke.DirectMethodHandle$Holder.invokeStatic(java.lang.Object, java.lang.Object, java.lang.Object, java.lang.Object, java.lang.Object, java.lang.Object, java.lang.Object, java.lang.Object, java.lang.Object, java.lang.Object, java.lang.Object, java.lang.Object, java.lang.Object, java.lang.Object, java.lang.Object, java.lang.Object, java.lang.Object, java.lang.Object, java.lang.Object, java.lang.Object, java.lang.Obj
Event: 2.746 Thread 0x00000284c5c7eae0 Exception <a 'java/lang/IncompatibleClassChangeError'{0x00000000c1e582f0}: Found class java.lang.Object, but interface was expected> (0x00000000c1e582f0) 
thrown [s\src\hotspot\share\interpreter\linkResolver.cpp, line 851]
Event: 3.012 Thread 0x00000284c5c7eae0 Exception <a 'java/lang/IncompatibleClassChangeError'{0x00000000c3dbc498}: Found class java.lang.Object, but interface was expected> (0x00000000c3dbc498) 
thrown [s\src\hotspot\share\interpreter\linkResolver.cpp, line 851]
Event: 3.016 Thread 0x00000284c5c7eae0 Exception <a 'java/lang/NoSuchMethodError'{0x00000000c3de6ac8}: 'java.lang.Object java.lang.invoke.DirectMethodHandle$Holder.newInvokeSpecial(java.lang.Object, java.lang.Object, java.lang.Object, java.lang.Object, java.lang.Object, java.lang.Object, java.lang.Object, java.lang.Object, java.lang.Object, java.lang.Object)'> (0x00000000c3de6ac8) 
thrown [s\src\hotspot\share\interpreter\linkResolver.cpp, line 784]

ZGC Phase Switch (0 events):
No events

VM Operations (20 events):
Event: 1.677 Executing VM operation: HandshakeAllThreads (Deoptimize)
Event: 1.677 Executing VM operation: HandshakeAllThreads (Deoptimize) done
Event: 1.767 Executing VM operation: HandshakeAllThreads (Deoptimize)
Event: 1.767 Executing VM operation: HandshakeAllThreads (Deoptimize) done
Event: 1.768 Executing VM operation: ICBufferFull
Event: 1.768 Executing VM operation: ICBufferFull done
Event: 1.873 Executing VM operation: CollectForMetadataAllocation (Metadata GC Threshold)
Event: 1.877 Executing VM operation: CollectForMetadataAllocation (Metadata GC Threshold) done
Event: 1.880 Executing VM operation: G1PauseRemark
Event: 1.882 Executing VM operation: G1PauseRemark done
Event: 1.883 Executing VM operation: G1PauseCleanup
Event: 1.885 Executing VM operation: G1PauseCleanup done
Event: 2.174 Executing VM operation: HandshakeAllThreads (Deoptimize)
Event: 2.174 Executing VM operation: HandshakeAllThreads (Deoptimize) done
Event: 2.728 Executing VM operation: HandshakeAllThreads (Deoptimize)
Event: 2.728 Executing VM operation: HandshakeAllThreads (Deoptimize) done
Event: 2.728 Executing VM operation: HandshakeAllThreads (Deoptimize)
Event: 2.728 Executing VM operation: HandshakeAllThreads (Deoptimize) done
Event: 2.787 Executing VM operation: G1CollectForAllocation (G1 Evacuation Pause)
Event: 2.791 Executing VM operation: G1CollectForAllocation (G1 Evacuation Pause) done

Memory protections (0 events):
No events

Nmethod flushes (0 events):
No events

Events (20 events):
Event: 0.563 Loaded shared library C:\Users\admin\.gradle\native\0.2.7\x86_64-windows-gnu\gradle-fileevents.dll
Event: 1.485 Loaded shared library C:\Program Files\Android\Android Studio\jbr\bin\management.dll
Event: 1.488 Loaded shared library C:\Program Files\Android\Android Studio\jbr\bin\management_ext.dll
Event: 1.515 Thread 0x00000284acb37140 Thread added: 0x00000284c5c7f170
Event: 1.600 Loaded shared library C:\Program Files\Android\Android Studio\jbr\bin\extnet.dll
Event: 1.695 Thread 0x00000284acb37140 Thread added: 0x00000284c5c7ca10
Event: 1.747 Thread 0x00000284acb37140 Thread added: 0x00000284c5c7f800
Event: 1.790 Thread 0x00000284c5c7ca10 Thread added: 0x00000284c5c7e450
Event: 1.793 Thread 0x00000284c5c7e450 Thread added: 0x00000284c5c7d0a0
Event: 1.850 Thread 0x00000284c5c7e450 Thread added: 0x00000284c5c7ddc0
Event: 1.854 Thread 0x00000284c5c7e450 Thread added: 0x00000284c5c7eae0
Event: 1.860 Thread 0x00000284c5c7eae0 Thread added: 0x00000284cb9bba60
Event: 1.863 Thread 0x00000284c5c7eae0 Thread added: 0x00000284cb9b9990
Event: 1.864 Thread 0x00000284c5c7eae0 Thread added: 0x00000284cb9bb3d0
Event: 2.174 Thread 0x00000284c5c7eae0 Thread added: 0x00000284cb9bad40
Event: 2.181 Thread 0x00000284c5c7eae0 Thread added: 0x00000284cb9bc0f0
Event: 2.474 Thread 0x00000284ca117180 Thread exited: 0x00000284ca117180
Event: 2.527 Thread 0x00000284c5c7eae0 Thread added: 0x00000284cb9b8c70
Event: 2.530 Thread 0x00000284c5996a10 Thread added: 0x00000284cbcc8490
Event: 3.008 Thread 0x00000284cbcc8490 Thread exited: 0x00000284cbcc8490


Dynamic libraries:
0x00007ff778a00000 - 0x00007ff778a0a000 	C:\Program Files\Android\Android Studio\jbr\bin\java.exe
0x00007ffd49600000 - 0x00007ffd49868000 	C:\WINDOWS\SYSTEM32\ntdll.dll
0x00007ffd47fb0000 - 0x00007ffd48079000 	C:\WINDOWS\System32\KERNEL32.DLL
0x00007ffd46790000 - 0x00007ffd46b82000 	C:\WINDOWS\System32\KERNELBASE.dll
0x00007ffd47280000 - 0x00007ffd473cb000 	C:\WINDOWS\System32\ucrtbase.dll
0x00007ffd37e60000 - 0x00007ffd37e78000 	C:\Program Files\Android\Android Studio\jbr\bin\jli.dll
0x00007ffd28260000 - 0x00007ffd2827b000 	C:\Program Files\Android\Android Studio\jbr\bin\VCRUNTIME140.dll
0x00007ffd47c50000 - 0x00007ffd47e15000 	C:\WINDOWS\System32\USER32.dll
0x00007ffd470d0000 - 0x00007ffd470f7000 	C:\WINDOWS\System32\win32u.dll
0x00007ffd2e650000 - 0x00007ffd2e8e3000 	C:\WINDOWS\WinSxS\amd64_microsoft.windows.common-controls_6595b64144ccf1df_6.0.26100.6899_none_3e0efeeae32e88c1\COMCTL32.dll
0x00007ffd48b40000 - 0x00007ffd48b6b000 	C:\WINDOWS\System32\GDI32.dll
0x00007ffd49070000 - 0x00007ffd49119000 	C:\WINDOWS\System32\msvcrt.dll
0x00007ffd46b90000 - 0x00007ffd46cbd000 	C:\WINDOWS\System32\gdi32full.dll
0x00007ffd46cc0000 - 0x00007ffd46d63000 	C:\WINDOWS\System32\msvcp_win.dll
0x00007ffd48100000 - 0x00007ffd4812f000 	C:\WINDOWS\System32\IMM32.DLL
0x00007ffd41be0000 - 0x00007ffd41bec000 	C:\Program Files\Android\Android Studio\jbr\bin\vcruntime140_1.dll
0x00007ffcfa2e0000 - 0x00007ffcfa36d000 	C:\Program Files\Android\Android Studio\jbr\bin\msvcp140.dll
0x00007ffcaee70000 - 0x00007ffcafafe000 	C:\Program Files\Android\Android Studio\jbr\bin\server\jvm.dll
0x00007ffd494a0000 - 0x00007ffd49554000 	C:\WINDOWS\System32\ADVAPI32.dll
0x00007ffd473d0000 - 0x00007ffd47476000 	C:\WINDOWS\System32\sechost.dll
0x00007ffd479e0000 - 0x00007ffd47af8000 	C:\WINDOWS\System32\RPCRT4.dll
0x00007ffd48080000 - 0x00007ffd480f4000 	C:\WINDOWS\System32\WS2_32.dll
0x00007ffd453c0000 - 0x00007ffd4541e000 	C:\WINDOWS\SYSTEM32\POWRPROF.dll
0x00007ffd3f2b0000 - 0x00007ffd3f2bb000 	C:\WINDOWS\SYSTEM32\VERSION.dll
0x00007ffd3e120000 - 0x00007ffd3e155000 	C:\WINDOWS\SYSTEM32\WINMM.dll
0x00007ffd453a0000 - 0x00007ffd453b4000 	C:\WINDOWS\SYSTEM32\UMPDC.dll
0x00007ffd45680000 - 0x00007ffd4569b000 	C:\WINDOWS\SYSTEM32\kernel.appcore.dll
0x00007ffd37e80000 - 0x00007ffd37e8a000 	C:\Program Files\Android\Android Studio\jbr\bin\jimage.dll
0x00007ffd3a7d0000 - 0x00007ffd3aa12000 	C:\WINDOWS\SYSTEM32\DBGHELP.DLL
0x00007ffd49120000 - 0x00007ffd4949b000 	C:\WINDOWS\System32\combase.dll
0x00007ffd47b70000 - 0x00007ffd47c47000 	C:\WINDOWS\System32\OLEAUT32.dll
0x00007ffd267e0000 - 0x00007ffd2681c000 	C:\WINDOWS\SYSTEM32\dbgcore.DLL
0x00007ffd46e30000 - 0x00007ffd46ec8000 	C:\WINDOWS\System32\bcryptPrimitives.dll
0x00007ffd41c20000 - 0x00007ffd41c2e000 	C:\Program Files\Android\Android Studio\jbr\bin\instrument.dll
0x00007ffd28240000 - 0x00007ffd28260000 	C:\Program Files\Android\Android Studio\jbr\bin\java.dll
0x00007ffd27ce0000 - 0x00007ffd27cf8000 	C:\Program Files\Android\Android Studio\jbr\bin\zip.dll
0x00007ffd48380000 - 0x00007ffd48acd000 	C:\WINDOWS\System32\SHELL32.dll
0x00007ffd46ed0000 - 0x00007ffd4703b000 	C:\WINDOWS\System32\wintypes.dll
0x00007ffd443d0000 - 0x00007ffd44c2d000 	C:\WINDOWS\SYSTEM32\windows.storage.dll
0x00007ffd48b70000 - 0x00007ffd48c62000 	C:\WINDOWS\System32\SHCORE.dll
0x00007ffd47b00000 - 0x00007ffd47b62000 	C:\WINDOWS\System32\shlwapi.dll
0x00007ffd466b0000 - 0x00007ffd466d9000 	C:\WINDOWS\SYSTEM32\profapi.dll
0x00007ffd332d0000 - 0x00007ffd332e0000 	C:\Program Files\Android\Android Studio\jbr\bin\net.dll
0x00007ffd40010000 - 0x00007ffd4012f000 	C:\WINDOWS\SYSTEM32\WINHTTP.dll
0x00007ffd45bf0000 - 0x00007ffd45c5b000 	C:\WINDOWS\system32\mswsock.dll
0x00007ffd18f50000 - 0x00007ffd18f66000 	C:\Program Files\Android\Android Studio\jbr\bin\nio.dll
0x00007ffd186a0000 - 0x00007ffd186b0000 	C:\Program Files\Android\Android Studio\jbr\bin\verify.dll
0x00007ffd376c0000 - 0x00007ffd376e7000 	C:\Users\admin\.gradle\native\1def1411415f61bf3af743bc5b6707747c0891f09f0c88961ee8f79bc544acac\windows-amd64\native-platform.dll
0x00007ffd282a0000 - 0x00007ffd28318000 	C:\Users\admin\.gradle\native\0.2.7\x86_64-windows-gnu\gradle-fileevents.dll
0x00007ffd29a40000 - 0x00007ffd29a49000 	C:\Program Files\Android\Android Studio\jbr\bin\management.dll
0x00007ffd18f40000 - 0x00007ffd18f4b000 	C:\Program Files\Android\Android Studio\jbr\bin\management_ext.dll
0x00007ffd48b30000 - 0x00007ffd48b38000 	C:\WINDOWS\System32\PSAPI.DLL
0x00007ffd45120000 - 0x00007ffd45154000 	C:\WINDOWS\SYSTEM32\IPHLPAPI.DLL
0x00007ffd48f60000 - 0x00007ffd48f6a000 	C:\WINDOWS\System32\NSI.dll
0x00007ffd2f6f0000 - 0x00007ffd2f6f9000 	C:\Program Files\Android\Android Studio\jbr\bin\extnet.dll
0x00007ffd45ea0000 - 0x00007ffd45ebb000 	C:\WINDOWS\SYSTEM32\CRYPTSP.dll
0x00007ffd455e0000 - 0x00007ffd4561b000 	C:\WINDOWS\system32\rsaenh.dll
0x00007ffd45c90000 - 0x00007ffd45cbb000 	C:\WINDOWS\SYSTEM32\USERENV.dll
0x00007ffd46680000 - 0x00007ffd466a6000 	C:\WINDOWS\SYSTEM32\bcrypt.dll
0x00007ffd45ec0000 - 0x00007ffd45ecc000 	C:\WINDOWS\SYSTEM32\CRYPTBASE.dll
0x00007ffcdb340000 - 0x00007ffcdb348000 	C:\WINDOWS\system32\wshunix.dll

dbghelp: loaded successfully - version: 4.0.5 - missing functions: none
symbol engine: initialized successfully - sym options: 0x614 - pdb path: .;C:\Program Files\Android\Android Studio\jbr\bin;C:\WINDOWS\SYSTEM32;C:\WINDOWS\WinSxS\amd64_microsoft.windows.common-controls_6595b64144ccf1df_6.0.26100.6899_none_3e0efeeae32e88c1;C:\Program Files\Android\Android Studio\jbr\bin\server;C:\Users\admin\.gradle\native\1def1411415f61bf3af743bc5b6707747c0891f09f0c88961ee8f79bc544acac\windows-amd64;C:\Users\admin\.gradle\native\0.2.7\x86_64-windows-gnu

VM Arguments:
jvm_args: --add-opens=java.base/java.lang=ALL-UNNAMED --add-opens=java.base/java.lang.invoke=ALL-UNNAMED --add-opens=java.base/java.util=ALL-UNNAMED --add-opens=java.prefs/java.util.prefs=ALL-UNNAMED --add-exports=jdk.compiler/com.sun.tools.javac.api=ALL-UNNAMED --add-exports=jdk.compiler/com.sun.tools.javac.util=ALL-UNNAMED --add-opens=java.base/java.util=ALL-UNNAMED --add-opens=java.prefs/java.util.prefs=ALL-UNNAMED --add-opens=java.base/java.nio.charset=ALL-UNNAMED --add-opens=java.base/java.net=ALL-UNNAMED --add-opens=java.base/java.util.concurrent.atomic=ALL-UNNAMED --add-opens=java.xml/javax.xml.namespace=ALL-UNNAMED -XX:MaxPermSize=512m -XX:+HeapDumpOnOutOfMemoryError -Xmx1024m -Dfile.encoding=UTF-8 -Duser.country=US -Duser.language=en -Duser.variant -javaagent:C:\Users\admin\.gradle\wrapper\dists\gradle-8.13-bin\5xuhj0ry160q40clulazy9h7d\gradle-8.13\lib\agents\gradle-instrumentation-agent-8.13.jar 
java_command: org.gradle.launcher.daemon.bootstrap.GradleDaemon 8.13
java_class_path (initial): C:\Users\admin\.gradle\wrapper\dists\gradle-8.13-bin\5xuhj0ry160q40clulazy9h7d\gradle-8.13\lib\gradle-daemon-main-8.13.jar
Launcher Type: SUN_STANDARD

[Global flags]
     intx CICompilerCount                          = 4                                         {product} {ergonomic}
     uint ConcGCThreads                            = 3                                         {product} {ergonomic}
     uint G1ConcRefinementThreads                  = 10                                        {product} {ergonomic}
   size_t G1HeapRegionSize                         = 1048576                                   {product} {ergonomic}
    uintx GCDrainStackTargetSize                   = 64                                        {product} {ergonomic}
     bool HeapDumpOnOutOfMemoryError               = true                                   {manageable} {command line}
   size_t InitialHeapSize                          = 121634816                                 {product} {ergonomic}
   size_t MarkStackSize                            = 4194304                                   {product} {ergonomic}
   size_t MaxHeapSize                              = 1073741824                                {product} {command line}
   size_t MaxNewSize                               = 643825664                                 {product} {ergonomic}
   size_t MinHeapDeltaBytes                        = 1048576                                   {product} {ergonomic}
   size_t MinHeapSize                              = 8388608                                   {product} {ergonomic}
    uintx NonNMethodCodeHeapSize                   = 5839372                                {pd product} {ergonomic}
    uintx NonProfiledCodeHeapSize                  = 122909434                              {pd product} {ergonomic}
    uintx ProfiledCodeHeapSize                     = 122909434                              {pd product} {ergonomic}
    uintx ReservedCodeCacheSize                    = 251658240                              {pd product} {ergonomic}
     bool SegmentedCodeCache                       = true                                      {product} {ergonomic}
   size_t SoftMaxHeapSize                          = 1073741824                             {manageable} {ergonomic}
     bool UseCompressedOops                        = true                           {product lp64_product} {ergonomic}
     bool UseG1GC                                  = true                                      {product} {ergonomic}
     bool UseLargePagesIndividualAllocation        = false                                  {pd product} {ergonomic}

Logging:
Log output configuration:
 #0: stdout all=warning uptime,level,tags foldmultilines=false
 #1: stderr all=off uptime,level,tags foldmultilines=false

Environment Variables:
PATH=C:\Program Files (x86)\VMware\VMware Workstation\bin\;C:\Program Files\Python312\Scripts\;C:\Program Files\Python312\;C:\windows\system32;C:\windows;C:\windows\System32\Wbem;C:\windows\System32\WindowsPowerShell\v1.0\;C:\windows\System32\OpenSSH\;C:\Program Files (x86)\NVIDIA Corporation\PhysX\Common;C:\Program Files\NVIDIA Corporation\NVIDIA NvDLISR;C:\Program Files (x86)\Windows Kits\10\Windows Performance Toolkit\;C:\Program Files\HP\HP One Agent;C:\Program Files (x86)\Microsoft SQL Server\160\Tools\Binn\;C:\Program Files\Microsoft SQL Server\160\Tools\Binn\;C:\Program Files\Microsoft SQL Server\Client SDK\ODBC\170\Tools\Binn\;C:\Program Files\Microsoft SQL Server\160\DTS\Binn\;C:\Program Files (x86)\Microsoft SQL Server\160\DTS\Binn\;C:\WINDOWS\system32;C:\WINDOWS;C:\WINDOWS\System32\Wbem;C:\WINDOWS\System32\WindowsPowerShell\v1.0\;C:\WINDOWS\System32\OpenSSH\;C:\Program Files\Git\cmd;C:\Program Files\Cloudflare\Cloudflare WARP\;C:\Program Files\Docker\Docker\resources\bin;C:\Program Files\GitHub CLI\;C:\Users\admin\AppData\Local\Microsoft\WindowsApps;C:\Users\admin\AppData\Local\Programs\Microsoft VS Code\bin;C:\Program Files\JetBrains\IntelliJ IDEA Community Edition 2024.3.3\bin;;C:\Users\admin\AppData\Local\Programs\cursor\resources\app\bin;C:\Users\admin\AppData\Local\Programs\Windsurf\bin
USERNAME=admin
OS=Windows_NT
PROCESSOR_IDENTIFIER=AMD64 Family 25 Model 68 Stepping 1, AuthenticAMD
TMP=C:\Users\admin\AppData\Local\Temp
TEMP=C:\Users\admin\AppData\Local\Temp




Periodic native trim disabled

JNI global refs:
JNI global refs: 24, weak refs: 0

JNI global refs memory usage: 835, weak refs: 833

Process memory usage:
Resident Set Size: 182264K (2% of 7541976K total physical memory with 454600K free physical memory)

OOME stack traces (most recent first):
Classloader memory used:
