#
# There is insufficient memory for the Java Runtime Environment to continue.
# Native memory allocation (malloc) failed to allocate 32744 bytes. Error detail: Chunk::new
# Possible reasons:
#   The system is out of physical RAM or swap space
#   This process is running with CompressedOops enabled, and the Java Heap may be blocking the growth of the native heap
# Possible solutions:
#   Reduce memory load on the system
#   Increase physical memory or swap space
#   Check if swap backing store is full
#   Decrease Java heap size (-Xmx/-Xms)
#   Decrease number of Java threads
#   Decrease Java thread stack sizes (-Xss)
#   Set larger code cache with -XX:ReservedCodeCacheSize=
#   JVM is running with Unscaled Compressed Oops mode in which the Java heap is
#     placed in the first 4GB address space. The Java Heap base address is the
#     maximum limit for the native heap growth. Please use -XX:HeapBaseMinAddress
#     to set the Java Heap base and to place the Java Heap above 4GB virtual address.
# This output file may be truncated or incomplete.
#
#  Out of Memory Error (arena.cpp:168), pid=7976, tid=14500
#
# JRE version: OpenJDK Runtime Environment (21.0.7) (build 21.0.7+-13880790-b1038.58)
# Java VM: OpenJDK 64-Bit Server VM (21.0.7+-13880790-b1038.58, mixed mode, tiered, compressed oops, compressed class ptrs, g1 gc, windows-amd64)
# No core dump will be written. Minidumps are not enabled by default on client versions of Windows
#

---------------  S U M M A R Y ------------

Command Line: -Xmx64m -Xms64m -Dorg.gradle.appname=gradlew org.gradle.wrapper.GradleWrapperMain signingReport

Host: AMD Ryzen 5 6600H with Radeon Graphics         , 12 cores, 7G,  Windows 11 , 64 bit Build 26100 (10.0.26100.6725)
Time: Sat Oct 25 22:04:22 2025 SE Asia Standard Time elapsed time: 0.302174 seconds (0d 0h 0m 0s)

---------------  T H R E A D  ---------------

Current thread (0x00000218c4984920):  JavaThread "C1 CompilerThread0" daemon [_thread_in_native, id=14500, stack(0x000000efb5900000,0x000000efb5a00000) (1024K)]


Current CompileTask:
C1:302  438       3       java.util.regex.Pattern::escape (1310 bytes)

Stack: [0x000000efb5900000,0x000000efb5a00000]
Native frames: (J=compiled Java code, j=interpreted, Vv=VM code, C=native code)
V  [jvm.dll+0x6d25c9]
V  [jvm.dll+0x860923]
V  [jvm.dll+0x862e7e]
V  [jvm.dll+0x863563]
V  [jvm.dll+0x27f156]
V  [jvm.dll+0xc002d]
V  [jvm.dll+0xc0563]
V  [jvm.dll+0x13032d]
V  [jvm.dll+0x1802fe]
V  [jvm.dll+0x17a54e]
V  [jvm.dll+0x168420]
V  [jvm.dll+0x150457]
V  [jvm.dll+0x14fd88]
V  [jvm.dll+0x14ffc6]
V  [jvm.dll+0x14f33f]
V  [jvm.dll+0x151161]
V  [jvm.dll+0x256bac]
V  [jvm.dll+0x2550f6]
V  [jvm.dll+0x3f1d16]
V  [jvm.dll+0x808d08]
V  [jvm.dll+0x6d0e1d]
C  [ucrtbase.dll+0x37b0]
C  [KERNEL32.DLL+0x2e8d7]
C  [ntdll.dll+0x8c53c]


---------------  P R O C E S S  ---------------

Threads class SMR info:
_java_thread_list=0x00000218c4af7440, length=11, elements={
0x00000218acf7f4e0, 0x00000218c481a4b0, 0x00000218c482c8f0, 0x00000218c482d470,
0x00000218c4962790, 0x00000218c49631f0, 0x00000218c4963d80, 0x00000218c49703f0,
0x00000218c4981e70, 0x00000218c4984920, 0x00000218c4b1bee0
}

Java Threads: ( => current thread )
  0x00000218acf7f4e0 JavaThread "main"                              [_thread_in_Java, id=6900, stack(0x000000efb4900000,0x000000efb4a00000) (1024K)]
  0x00000218c481a4b0 JavaThread "Common-Cleaner"             daemon [_thread_blocked, id=15908, stack(0x000000efb5100000,0x000000efb5200000) (1024K)]
  0x00000218c482c8f0 JavaThread "Reference Handler"          daemon [_thread_blocked, id=2944, stack(0x000000efb5200000,0x000000efb5300000) (1024K)]
  0x00000218c482d470 JavaThread "Finalizer"                  daemon [_thread_blocked, id=16884, stack(0x000000efb5300000,0x000000efb5400000) (1024K)]
  0x00000218c4962790 JavaThread "Signal Dispatcher"          daemon [_thread_blocked, id=14592, stack(0x000000efb5400000,0x000000efb5500000) (1024K)]
  0x00000218c49631f0 JavaThread "Attach Listener"            daemon [_thread_blocked, id=10428, stack(0x000000efb5500000,0x000000efb5600000) (1024K)]
  0x00000218c4963d80 JavaThread "Service Thread"             daemon [_thread_blocked, id=5988, stack(0x000000efb5600000,0x000000efb5700000) (1024K)]
  0x00000218c49703f0 JavaThread "Monitor Deflation Thread"   daemon [_thread_blocked, id=1952, stack(0x000000efb5700000,0x000000efb5800000) (1024K)]
  0x00000218c4981e70 JavaThread "C2 CompilerThread0"         daemon [_thread_in_native, id=3936, stack(0x000000efb5800000,0x000000efb5900000) (1024K)]
=>0x00000218c4984920 JavaThread "C1 CompilerThread0"         daemon [_thread_in_native, id=14500, stack(0x000000efb5900000,0x000000efb5a00000) (1024K)]
  0x00000218c4b1bee0 JavaThread "Notification Thread"        daemon [_thread_blocked, id=4448, stack(0x000000efb5a00000,0x000000efb5b00000) (1024K)]
Total: 11

Other Threads:
  0x00000218af49ea20 VMThread "VM Thread"                           [id=12272, stack(0x000000efb5000000,0x000000efb5100000) (1024K)]
  0x00000218c474da20 WatcherThread "VM Periodic Task Thread"        [id=12208, stack(0x000000efb4f00000,0x000000efb5000000) (1024K)]
  0x00000218af3f4270 WorkerThread "GC Thread#0"                     [id=10408, stack(0x000000efb4a00000,0x000000efb4b00000) (1024K)]
  0x00000218af3f5a50 ConcurrentGCThread "G1 Main Marker"            [id=20208, stack(0x000000efb4b00000,0x000000efb4c00000) (1024K)]
  0x00000218af3fa9f0 WorkerThread "G1 Conc#0"                       [id=6620, stack(0x000000efb4c00000,0x000000efb4d00000) (1024K)]
  0x00000218af478f90 ConcurrentGCThread "G1 Refine#0"               [id=10856, stack(0x000000efb4d00000,0x000000efb4e00000) (1024K)]
  0x00000218af4797b0 ConcurrentGCThread "G1 Service"                [id=17344, stack(0x000000efb4e00000,0x000000efb4f00000) (1024K)]
Total: 7

Threads with active compile tasks:
C1 CompilerThread0  324  438       3       java.util.regex.Pattern::escape (1310 bytes)
Total: 1

VM state: not at safepoint (normal execution)

VM Mutex/Monitor currently owned by a thread: None

Heap address: 0x00000000fc000000, size: 64 MB, Compressed Oops mode: 32-bit

CDS archive(s) not mapped
Compressed class space mapped at: 0x0000000100000000-0x0000000140000000, reserved size: 1073741824
Narrow klass base: 0x0000000000000000, Narrow klass shift: 3, Narrow klass range: 0x140000000

GC Precious Log:
 CardTable entry size: 512
 Card Set container configuration: InlinePtr #cards 5 size 8 Array Of Cards #cards 12 size 40 Howl #buckets 4 coarsen threshold 1843 Howl Bitmap #cards 512 size 80 coarsen threshold 460 Card regions per heap region 1 cards per card region 2048
 CPUs: 12 total, 12 available
 Memory: 7365M
 Large Page Support: Disabled
 NUMA Support: Disabled
 Compressed Oops: Enabled (32-bit)
 Heap Region Size: 1M
 Heap Min Capacity: 64M
 Heap Initial Capacity: 64M
 Heap Max Capacity: 64M
 Pre-touch: Disabled
 Parallel Workers: 10
 Concurrent Workers: 3
 Concurrent Refinement Workers: 10
 Periodic GC: Disabled

Heap:
 garbage-first heap   total 65536K, used 9216K [0x00000000fc000000, 0x0000000100000000)
  region size 1024K, 10 young (10240K), 0 survivors (0K)
 Metaspace       used 8181K, committed 8384K, reserved 1114112K
  class space    used 743K, committed 832K, reserved 1048576K

Heap Regions: E=young(eden), S=young(survivor), O=old, HS=humongous(starts), HC=humongous(continues), CS=collection set, F=free, TAMS=top-at-mark-start, PB=parsable bottom
|   0|0x00000000fc000000, 0x00000000fc000000, 0x00000000fc100000|  0%| F|  |TAMS 0x00000000fc000000| PB 0x00000000fc000000| Untracked 
|   1|0x00000000fc100000, 0x00000000fc100000, 0x00000000fc200000|  0%| F|  |TAMS 0x00000000fc100000| PB 0x00000000fc100000| Untracked 
|   2|0x00000000fc200000, 0x00000000fc200000, 0x00000000fc300000|  0%| F|  |TAMS 0x00000000fc200000| PB 0x00000000fc200000| Untracked 
|   3|0x00000000fc300000, 0x00000000fc300000, 0x00000000fc400000|  0%| F|  |TAMS 0x00000000fc300000| PB 0x00000000fc300000| Untracked 
|   4|0x00000000fc400000, 0x00000000fc400000, 0x00000000fc500000|  0%| F|  |TAMS 0x00000000fc400000| PB 0x00000000fc400000| Untracked 
|   5|0x00000000fc500000, 0x00000000fc500000, 0x00000000fc600000|  0%| F|  |TAMS 0x00000000fc500000| PB 0x00000000fc500000| Untracked 
|   6|0x00000000fc600000, 0x00000000fc600000, 0x00000000fc700000|  0%| F|  |TAMS 0x00000000fc600000| PB 0x00000000fc600000| Untracked 
|   7|0x00000000fc700000, 0x00000000fc700000, 0x00000000fc800000|  0%| F|  |TAMS 0x00000000fc700000| PB 0x00000000fc700000| Untracked 
|   8|0x00000000fc800000, 0x00000000fc800000, 0x00000000fc900000|  0%| F|  |TAMS 0x00000000fc800000| PB 0x00000000fc800000| Untracked 
|   9|0x00000000fc900000, 0x00000000fc900000, 0x00000000fca00000|  0%| F|  |TAMS 0x00000000fc900000| PB 0x00000000fc900000| Untracked 
|  10|0x00000000fca00000, 0x00000000fca00000, 0x00000000fcb00000|  0%| F|  |TAMS 0x00000000fca00000| PB 0x00000000fca00000| Untracked 
|  11|0x00000000fcb00000, 0x00000000fcb00000, 0x00000000fcc00000|  0%| F|  |TAMS 0x00000000fcb00000| PB 0x00000000fcb00000| Untracked 
|  12|0x00000000fcc00000, 0x00000000fcc00000, 0x00000000fcd00000|  0%| F|  |TAMS 0x00000000fcc00000| PB 0x00000000fcc00000| Untracked 
|  13|0x00000000fcd00000, 0x00000000fcd00000, 0x00000000fce00000|  0%| F|  |TAMS 0x00000000fcd00000| PB 0x00000000fcd00000| Untracked 
|  14|0x00000000fce00000, 0x00000000fce00000, 0x00000000fcf00000|  0%| F|  |TAMS 0x00000000fce00000| PB 0x00000000fce00000| Untracked 
|  15|0x00000000fcf00000, 0x00000000fcf00000, 0x00000000fd000000|  0%| F|  |TAMS 0x00000000fcf00000| PB 0x00000000fcf00000| Untracked 
|  16|0x00000000fd000000, 0x00000000fd000000, 0x00000000fd100000|  0%| F|  |TAMS 0x00000000fd000000| PB 0x00000000fd000000| Untracked 
|  17|0x00000000fd100000, 0x00000000fd100000, 0x00000000fd200000|  0%| F|  |TAMS 0x00000000fd100000| PB 0x00000000fd100000| Untracked 
|  18|0x00000000fd200000, 0x00000000fd200000, 0x00000000fd300000|  0%| F|  |TAMS 0x00000000fd200000| PB 0x00000000fd200000| Untracked 
|  19|0x00000000fd300000, 0x00000000fd300000, 0x00000000fd400000|  0%| F|  |TAMS 0x00000000fd300000| PB 0x00000000fd300000| Untracked 
|  20|0x00000000fd400000, 0x00000000fd400000, 0x00000000fd500000|  0%| F|  |TAMS 0x00000000fd400000| PB 0x00000000fd400000| Untracked 
|  21|0x00000000fd500000, 0x00000000fd500000, 0x00000000fd600000|  0%| F|  |TAMS 0x00000000fd500000| PB 0x00000000fd500000| Untracked 
|  22|0x00000000fd600000, 0x00000000fd600000, 0x00000000fd700000|  0%| F|  |TAMS 0x00000000fd600000| PB 0x00000000fd600000| Untracked 
|  23|0x00000000fd700000, 0x00000000fd700000, 0x00000000fd800000|  0%| F|  |TAMS 0x00000000fd700000| PB 0x00000000fd700000| Untracked 
|  24|0x00000000fd800000, 0x00000000fd800000, 0x00000000fd900000|  0%| F|  |TAMS 0x00000000fd800000| PB 0x00000000fd800000| Untracked 
|  25|0x00000000fd900000, 0x00000000fd900000, 0x00000000fda00000|  0%| F|  |TAMS 0x00000000fd900000| PB 0x00000000fd900000| Untracked 
|  26|0x00000000fda00000, 0x00000000fda00000, 0x00000000fdb00000|  0%| F|  |TAMS 0x00000000fda00000| PB 0x00000000fda00000| Untracked 
|  27|0x00000000fdb00000, 0x00000000fdb00000, 0x00000000fdc00000|  0%| F|  |TAMS 0x00000000fdb00000| PB 0x00000000fdb00000| Untracked 
|  28|0x00000000fdc00000, 0x00000000fdc00000, 0x00000000fdd00000|  0%| F|  |TAMS 0x00000000fdc00000| PB 0x00000000fdc00000| Untracked 
|  29|0x00000000fdd00000, 0x00000000fdd00000, 0x00000000fde00000|  0%| F|  |TAMS 0x00000000fdd00000| PB 0x00000000fdd00000| Untracked 
|  30|0x00000000fde00000, 0x00000000fde00000, 0x00000000fdf00000|  0%| F|  |TAMS 0x00000000fde00000| PB 0x00000000fde00000| Untracked 
|  31|0x00000000fdf00000, 0x00000000fdf00000, 0x00000000fe000000|  0%| F|  |TAMS 0x00000000fdf00000| PB 0x00000000fdf00000| Untracked 
|  32|0x00000000fe000000, 0x00000000fe000000, 0x00000000fe100000|  0%| F|  |TAMS 0x00000000fe000000| PB 0x00000000fe000000| Untracked 
|  33|0x00000000fe100000, 0x00000000fe100000, 0x00000000fe200000|  0%| F|  |TAMS 0x00000000fe100000| PB 0x00000000fe100000| Untracked 
|  34|0x00000000fe200000, 0x00000000fe200000, 0x00000000fe300000|  0%| F|  |TAMS 0x00000000fe200000| PB 0x00000000fe200000| Untracked 
|  35|0x00000000fe300000, 0x00000000fe300000, 0x00000000fe400000|  0%| F|  |TAMS 0x00000000fe300000| PB 0x00000000fe300000| Untracked 
|  36|0x00000000fe400000, 0x00000000fe400000, 0x00000000fe500000|  0%| F|  |TAMS 0x00000000fe400000| PB 0x00000000fe400000| Untracked 
|  37|0x00000000fe500000, 0x00000000fe500000, 0x00000000fe600000|  0%| F|  |TAMS 0x00000000fe500000| PB 0x00000000fe500000| Untracked 
|  38|0x00000000fe600000, 0x00000000fe600000, 0x00000000fe700000|  0%| F|  |TAMS 0x00000000fe600000| PB 0x00000000fe600000| Untracked 
|  39|0x00000000fe700000, 0x00000000fe700000, 0x00000000fe800000|  0%| F|  |TAMS 0x00000000fe700000| PB 0x00000000fe700000| Untracked 
|  40|0x00000000fe800000, 0x00000000fe800000, 0x00000000fe900000|  0%| F|  |TAMS 0x00000000fe800000| PB 0x00000000fe800000| Untracked 
|  41|0x00000000fe900000, 0x00000000fe900000, 0x00000000fea00000|  0%| F|  |TAMS 0x00000000fe900000| PB 0x00000000fe900000| Untracked 
|  42|0x00000000fea00000, 0x00000000fea00000, 0x00000000feb00000|  0%| F|  |TAMS 0x00000000fea00000| PB 0x00000000fea00000| Untracked 
|  43|0x00000000feb00000, 0x00000000feb00000, 0x00000000fec00000|  0%| F|  |TAMS 0x00000000feb00000| PB 0x00000000feb00000| Untracked 
|  44|0x00000000fec00000, 0x00000000fec00000, 0x00000000fed00000|  0%| F|  |TAMS 0x00000000fec00000| PB 0x00000000fec00000| Untracked 
|  45|0x00000000fed00000, 0x00000000fed00000, 0x00000000fee00000|  0%| F|  |TAMS 0x00000000fed00000| PB 0x00000000fed00000| Untracked 
|  46|0x00000000fee00000, 0x00000000fee00000, 0x00000000fef00000|  0%| F|  |TAMS 0x00000000fee00000| PB 0x00000000fee00000| Untracked 
|  47|0x00000000fef00000, 0x00000000fef00000, 0x00000000ff000000|  0%| F|  |TAMS 0x00000000fef00000| PB 0x00000000fef00000| Untracked 
|  48|0x00000000ff000000, 0x00000000ff000000, 0x00000000ff100000|  0%| F|  |TAMS 0x00000000ff000000| PB 0x00000000ff000000| Untracked 
|  49|0x00000000ff100000, 0x00000000ff100000, 0x00000000ff200000|  0%| F|  |TAMS 0x00000000ff100000| PB 0x00000000ff100000| Untracked 
|  50|0x00000000ff200000, 0x00000000ff200000, 0x00000000ff300000|  0%| F|  |TAMS 0x00000000ff200000| PB 0x00000000ff200000| Untracked 
|  51|0x00000000ff300000, 0x00000000ff300000, 0x00000000ff400000|  0%| F|  |TAMS 0x00000000ff300000| PB 0x00000000ff300000| Untracked 
|  52|0x00000000ff400000, 0x00000000ff400000, 0x00000000ff500000|  0%| F|  |TAMS 0x00000000ff400000| PB 0x00000000ff400000| Untracked 
|  53|0x00000000ff500000, 0x00000000ff500000, 0x00000000ff600000|  0%| F|  |TAMS 0x00000000ff500000| PB 0x00000000ff500000| Untracked 
|  54|0x00000000ff600000, 0x00000000ff675c60, 0x00000000ff700000| 46%| E|  |TAMS 0x00000000ff600000| PB 0x00000000ff600000| Complete 
|  55|0x00000000ff700000, 0x00000000ff800000, 0x00000000ff800000|100%| E|CS|TAMS 0x00000000ff700000| PB 0x00000000ff700000| Complete 
|  56|0x00000000ff800000, 0x00000000ff900000, 0x00000000ff900000|100%| E|CS|TAMS 0x00000000ff800000| PB 0x00000000ff800000| Complete 
|  57|0x00000000ff900000, 0x00000000ffa00000, 0x00000000ffa00000|100%| E|CS|TAMS 0x00000000ff900000| PB 0x00000000ff900000| Complete 
|  58|0x00000000ffa00000, 0x00000000ffb00000, 0x00000000ffb00000|100%| E|CS|TAMS 0x00000000ffa00000| PB 0x00000000ffa00000| Complete 
|  59|0x00000000ffb00000, 0x00000000ffc00000, 0x00000000ffc00000|100%| E|CS|TAMS 0x00000000ffb00000| PB 0x00000000ffb00000| Complete 
|  60|0x00000000ffc00000, 0x00000000ffd00000, 0x00000000ffd00000|100%| E|CS|TAMS 0x00000000ffc00000| PB 0x00000000ffc00000| Complete 
|  61|0x00000000ffd00000, 0x00000000ffe00000, 0x00000000ffe00000|100%| E|CS|TAMS 0x00000000ffd00000| PB 0x00000000ffd00000| Complete 
|  62|0x00000000ffe00000, 0x00000000fff00000, 0x00000000fff00000|100%| E|CS|TAMS 0x00000000ffe00000| PB 0x00000000ffe00000| Complete 
|  63|0x00000000fff00000, 0x0000000100000000, 0x0000000100000000|100%| E|CS|TAMS 0x00000000fff00000| PB 0x00000000fff00000| Complete 

Card table byte_map: [0x00000218ae9f0000,0x00000218aea10000] _byte_map_base: 0x00000218ae210000

Marking Bits: (CMBitMap*) 0x00000218af3f4970
 Bits: [0x00000218c1a80000, 0x00000218c1b80000)

Polling page: 0x00000218ad1e0000

Metaspace:

Usage:
  Non-class:      7.26 MB used.
      Class:    743.54 KB used.
       Both:      7.99 MB used.

Virtual space:
  Non-class space:       64.00 MB reserved,       7.38 MB ( 12%) committed,  1 nodes.
      Class space:        1.00 GB reserved,     832.00 KB ( <1%) committed,  1 nodes.
             Both:        1.06 GB reserved,       8.19 MB ( <1%) committed. 

Chunk freelists:
   Non-Class:  8.29 MB
       Class:  15.19 MB
        Both:  23.47 MB

MaxMetaspaceSize: unlimited
CompressedClassSpaceSize: 1.00 GB
Initial GC threshold: 21.00 MB
Current GC threshold: 21.00 MB
CDS: off
 - commit_granule_bytes: 65536.
 - commit_granule_words: 8192.
 - virtual_space_node_default_size: 8388608.
 - enlarge_chunks_in_place: 1.
 - use_allocation_guard: 0.


Internal statistics:

num_allocs_failed_limit: 0.
num_arena_births: 20.
num_arena_deaths: 0.
num_vsnodes_births: 2.
num_vsnodes_deaths: 0.
num_space_committed: 131.
num_space_uncommitted: 0.
num_chunks_returned_to_freelist: 0.
num_chunks_taken_from_freelist: 58.
num_chunk_merges: 0.
num_chunk_splits: 33.
num_chunks_enlarged: 25.
num_inconsistent_stats: 0.

CodeHeap 'non-profiled nmethods': size=120000Kb used=143Kb max_used=143Kb free=119856Kb
 bounds [0x00000218ba000000, 0x00000218ba270000, 0x00000218c1530000]
CodeHeap 'profiled nmethods': size=120000Kb used=644Kb max_used=644Kb free=119355Kb
 bounds [0x00000218b2530000, 0x00000218b27a0000, 0x00000218b9a60000]
CodeHeap 'non-nmethods': size=5760Kb used=1287Kb max_used=1302Kb free=4472Kb
 bounds [0x00000218b9a60000, 0x00000218b9cd0000, 0x00000218ba000000]
 total_blobs=867 nmethods=445 adapters=327
 compilation: enabled
              stopped_count=0, restarted_count=0
 full_count=0

Compilation events (20 events):
Event: 0.293 Thread 0x00000218c4984920 nmethod 426 0x00000218b25ce490 code [0x00000218b25ce640, 0x00000218b25ce830]
Event: 0.293 Thread 0x00000218c4984920  427       3       java.util.LinkedHashMap$Entry::<init> (10 bytes)
Event: 0.293 Thread 0x00000218c4984920 nmethod 427 0x00000218b25ce990 code [0x00000218b25ceb40, 0x00000218b25cee18]
Event: 0.294 Thread 0x00000218c4984920  428       3       java.util.ArrayList$Itr::next (66 bytes)
Event: 0.294 Thread 0x00000218c4984920 nmethod 428 0x00000218b25cef10 code [0x00000218b25cf100, 0x00000218b25cf4c0]
Event: 0.294 Thread 0x00000218c4984920  429       3       java.util.ArrayList$Itr::checkForComodification (23 bytes)
Event: 0.294 Thread 0x00000218c4984920 nmethod 429 0x00000218b25cf690 code [0x00000218b25cf840, 0x00000218b25cfa08]
Event: 0.294 Thread 0x00000218c4984920  431       3       java.util.LinkedHashMap::get (29 bytes)
Event: 0.295 Thread 0x00000218c4984920 nmethod 431 0x00000218b25cfb10 code [0x00000218b25cfce0, 0x00000218b25cff28]
Event: 0.295 Thread 0x00000218c4981e70 nmethod 425 0x00000218ba01f410 code [0x00000218ba01f5a0, 0x00000218ba01f778]
Event: 0.295 Thread 0x00000218c4984920  432       3       java.util.LinkedHashMap$LinkedKeyIterator::next (8 bytes)
Event: 0.295 Thread 0x00000218c4981e70  430 %     4       java.lang.StringLatin1::toLowerCase @ 117 (186 bytes)
Event: 0.295 Thread 0x00000218c4984920 nmethod 432 0x00000218b25d0010 code [0x00000218b25d01c0, 0x00000218b25d0318]
Event: 0.295 Thread 0x00000218c4984920  433       3       java.util.LinkedHashMap$LinkedHashIterator::nextNode (68 bytes)
Event: 0.295 Thread 0x00000218c4984920 nmethod 433 0x00000218b25d0410 code [0x00000218b25d0600, 0x00000218b25d0988]
Event: 0.296 Thread 0x00000218c4984920  435       3       java.io.WinNTFileSystem::isLetter (30 bytes)
Event: 0.297 Thread 0x00000218c4984920 nmethod 435 0x00000218b25d0b10 code [0x00000218b25d0cc0, 0x00000218b25d0eb0]
Event: 0.298 Thread 0x00000218c4984920  436       3       java.util.AbstractMap::<init> (5 bytes)
Event: 0.298 Thread 0x00000218c4984920 nmethod 436 0x00000218b25d0f10 code [0x00000218b25d10c0, 0x00000218b25d1228]
Event: 0.298 Thread 0x00000218c4984920  438       3       java.util.regex.Pattern::escape (1310 bytes)

GC Heap History (0 events):
No events

Dll operation events (2 events):
Event: 0.008 Loaded shared library C:\Program Files\Android\Android Studio\jbr\bin\java.dll
Event: 0.013 Loaded shared library C:\Program Files\Android\Android Studio\jbr\bin\zip.dll

Deoptimization events (20 events):
Event: 0.269 Thread 0x00000218acf7f4e0 DEOPT PACKING pc=0x00000218b2558179 sp=0x000000efb49fe750
Event: 0.269 Thread 0x00000218acf7f4e0 DEOPT UNPACKING pc=0x00000218b9ab4e42 sp=0x000000efb49fdbc0 mode 0
Event: 0.271 Thread 0x00000218acf7f4e0 DEOPT PACKING pc=0x00000218b2558179 sp=0x000000efb49fe750
Event: 0.271 Thread 0x00000218acf7f4e0 DEOPT UNPACKING pc=0x00000218b9ab4e42 sp=0x000000efb49fdbc0 mode 0
Event: 0.271 Thread 0x00000218acf7f4e0 DEOPT PACKING pc=0x00000218b2558179 sp=0x000000efb49fe750
Event: 0.271 Thread 0x00000218acf7f4e0 DEOPT UNPACKING pc=0x00000218b9ab4e42 sp=0x000000efb49fdbc0 mode 0
Event: 0.271 Thread 0x00000218acf7f4e0 DEOPT PACKING pc=0x00000218b2558179 sp=0x000000efb49fe750
Event: 0.271 Thread 0x00000218acf7f4e0 DEOPT UNPACKING pc=0x00000218b9ab4e42 sp=0x000000efb49fdbc0 mode 0
Event: 0.273 Thread 0x00000218acf7f4e0 DEOPT PACKING pc=0x00000218b2558179 sp=0x000000efb49fe7a0
Event: 0.273 Thread 0x00000218acf7f4e0 DEOPT UNPACKING pc=0x00000218b9ab4e42 sp=0x000000efb49fdc10 mode 0
Event: 0.273 Thread 0x00000218acf7f4e0 DEOPT PACKING pc=0x00000218b259e4c3 sp=0x000000efb49fe7a0
Event: 0.273 Thread 0x00000218acf7f4e0 DEOPT UNPACKING pc=0x00000218b9ab4e42 sp=0x000000efb49fdc18 mode 0
Event: 0.273 Thread 0x00000218acf7f4e0 DEOPT PACKING pc=0x00000218b2558179 sp=0x000000efb49fe7a0
Event: 0.273 Thread 0x00000218acf7f4e0 DEOPT UNPACKING pc=0x00000218b9ab4e42 sp=0x000000efb49fdc10 mode 0
Event: 0.273 Thread 0x00000218acf7f4e0 DEOPT PACKING pc=0x00000218b259e4c3 sp=0x000000efb49fe7a0
Event: 0.273 Thread 0x00000218acf7f4e0 DEOPT UNPACKING pc=0x00000218b9ab4e42 sp=0x000000efb49fdc18 mode 0
Event: 0.273 Thread 0x00000218acf7f4e0 DEOPT PACKING pc=0x00000218b2558179 sp=0x000000efb49fe7a0
Event: 0.273 Thread 0x00000218acf7f4e0 DEOPT UNPACKING pc=0x00000218b9ab4e42 sp=0x000000efb49fdc10 mode 0
Event: 0.273 Thread 0x00000218acf7f4e0 DEOPT PACKING pc=0x00000218b259e4c3 sp=0x000000efb49fe3d0
Event: 0.273 Thread 0x00000218acf7f4e0 DEOPT UNPACKING pc=0x00000218b9ab4e42 sp=0x000000efb49fd870 mode 0

Classes loaded (20 events):
Event: 0.257 Loading class java/util/Collections$UnmodifiableRandomAccessList
Event: 0.257 Loading class java/util/Collections$UnmodifiableRandomAccessList done
Event: 0.259 Loading class java/lang/IndexOutOfBoundsException
Event: 0.259 Loading class java/lang/IndexOutOfBoundsException done
Event: 0.261 Loading class java/util/AbstractList$Itr
Event: 0.261 Loading class java/util/AbstractList$Itr done
Event: 0.261 Loading class java/util/zip/ZipException
Event: 0.261 Loading class java/util/zip/ZipException done
Event: 0.262 Loading class java/util/ArrayList$SubList
Event: 0.262 Loading class java/util/ArrayList$SubList done
Event: 0.268 Loading class java/util/Collections$UnmodifiableCollection$1
Event: 0.268 Loading class java/util/Collections$UnmodifiableCollection$1 done
Event: 0.269 Loading class java/util/Collections$SingletonSet
Event: 0.270 Loading class java/util/Collections$SingletonSet done
Event: 0.270 Loading class java/util/Collections$1
Event: 0.270 Loading class java/util/Collections$1 done
Event: 0.272 Loading class java/lang/invoke/DirectMethodHandle$Special
Event: 0.272 Loading class java/lang/invoke/DirectMethodHandle$Special done
Event: 0.276 Loading class java/util/regex/Pattern$StartS
Event: 0.276 Loading class java/util/regex/Pattern$StartS done

Classes unloaded (0 events):
No events

Classes redefined (0 events):
No events

Internal exceptions (2 events):
Event: 0.178 Thread 0x00000218acf7f4e0 Exception <a 'java/lang/NoSuchMethodError'{0x00000000ffcb03a8}: 'void java.lang.invoke.DirectMethodHandle$Holder.invokeSpecial(java.lang.Object, java.lang.Object, java.lang.Object)'> (0x00000000ffcb03a8) 
thrown [s\src\hotspot\share\interpreter\linkResolver.cpp, line 784]
Event: 0.272 Thread 0x00000218acf7f4e0 Exception <a 'java/lang/NoSuchMethodError'{0x00000000ffbf00c8}: 'int java.lang.invoke.DirectMethodHandle$Holder.invokeSpecial(java.lang.Object, java.lang.Object, java.lang.Object, java.lang.Object)'> (0x00000000ffbf00c8) 
thrown [s\src\hotspot\share\interpreter\linkResolver.cpp, line 784]

ZGC Phase Switch (0 events):
No events

VM Operations (2 events):
Event: 0.081 Executing VM operation: HandshakeAllThreads (Deoptimize)
Event: 0.081 Executing VM operation: HandshakeAllThreads (Deoptimize) done

Memory protections (0 events):
No events

Nmethod flushes (0 events):
No events

Events (14 events):
Event: 0.012 Thread 0x00000218acf7f4e0 Thread added: 0x00000218acf7f4e0
Event: 0.041 Thread 0x00000218acf7f4e0 Thread added: 0x00000218c481a4b0
Event: 0.044 Thread 0x00000218acf7f4e0 Thread added: 0x00000218c482c8f0
Event: 0.044 Thread 0x00000218acf7f4e0 Thread added: 0x00000218c482d470
Event: 0.045 Thread 0x00000218acf7f4e0 Thread added: 0x00000218c4962790
Event: 0.045 Thread 0x00000218acf7f4e0 Thread added: 0x00000218c49631f0
Event: 0.045 Thread 0x00000218acf7f4e0 Thread added: 0x00000218c4963d80
Event: 0.046 Thread 0x00000218acf7f4e0 Thread added: 0x00000218c49703f0
Event: 0.046 Thread 0x00000218acf7f4e0 Thread added: 0x00000218c4981e70
Event: 0.046 Thread 0x00000218acf7f4e0 Thread added: 0x00000218c4984920
Event: 0.065 Thread 0x00000218acf7f4e0 Thread added: 0x00000218c4b1bee0
Event: 0.072 Loaded shared library C:\Program Files\Android\Android Studio\jbr\bin\net.dll
Event: 0.074 Loaded shared library C:\Program Files\Android\Android Studio\jbr\bin\nio.dll
Event: 0.080 Loaded shared library C:\Program Files\Android\Android Studio\jbr\bin\zip.dll


Dynamic libraries:
0x00007ff778a00000 - 0x00007ff778a0a000 	C:\Program Files\Android\Android Studio\jbr\bin\java.exe
0x00007ffd49600000 - 0x00007ffd49868000 	C:\WINDOWS\SYSTEM32\ntdll.dll
0x00007ffd47fb0000 - 0x00007ffd48079000 	C:\WINDOWS\System32\KERNEL32.DLL
0x00007ffd46790000 - 0x00007ffd46b82000 	C:\WINDOWS\System32\KERNELBASE.dll
0x00007ffd47280000 - 0x00007ffd473cb000 	C:\WINDOWS\System32\ucrtbase.dll
0x00007ffd28260000 - 0x00007ffd2827b000 	C:\Program Files\Android\Android Studio\jbr\bin\VCRUNTIME140.dll
0x00007ffd37e60000 - 0x00007ffd37e78000 	C:\Program Files\Android\Android Studio\jbr\bin\jli.dll
0x00007ffd47c50000 - 0x00007ffd47e15000 	C:\WINDOWS\System32\USER32.dll
0x00007ffd2e650000 - 0x00007ffd2e8e3000 	C:\WINDOWS\WinSxS\amd64_microsoft.windows.common-controls_6595b64144ccf1df_6.0.26100.6899_none_3e0efeeae32e88c1\COMCTL32.dll
0x00007ffd470d0000 - 0x00007ffd470f7000 	C:\WINDOWS\System32\win32u.dll
0x00007ffd48b40000 - 0x00007ffd48b6b000 	C:\WINDOWS\System32\GDI32.dll
0x00007ffd49070000 - 0x00007ffd49119000 	C:\WINDOWS\System32\msvcrt.dll
0x00007ffd46b90000 - 0x00007ffd46cbd000 	C:\WINDOWS\System32\gdi32full.dll
0x00007ffd46cc0000 - 0x00007ffd46d63000 	C:\WINDOWS\System32\msvcp_win.dll
0x00007ffd48100000 - 0x00007ffd4812f000 	C:\WINDOWS\System32\IMM32.DLL
0x00007ffd41be0000 - 0x00007ffd41bec000 	C:\Program Files\Android\Android Studio\jbr\bin\vcruntime140_1.dll
0x00007ffcfa2e0000 - 0x00007ffcfa36d000 	C:\Program Files\Android\Android Studio\jbr\bin\msvcp140.dll
0x00007ffcaee70000 - 0x00007ffcafafe000 	C:\Program Files\Android\Android Studio\jbr\bin\server\jvm.dll
0x00007ffd494a0000 - 0x00007ffd49554000 	C:\WINDOWS\System32\ADVAPI32.dll
0x00007ffd473d0000 - 0x00007ffd47476000 	C:\WINDOWS\System32\sechost.dll
0x00007ffd479e0000 - 0x00007ffd47af8000 	C:\WINDOWS\System32\RPCRT4.dll
0x00007ffd48080000 - 0x00007ffd480f4000 	C:\WINDOWS\System32\WS2_32.dll
0x00007ffd453c0000 - 0x00007ffd4541e000 	C:\WINDOWS\SYSTEM32\POWRPROF.dll
0x00007ffd3e120000 - 0x00007ffd3e155000 	C:\WINDOWS\SYSTEM32\WINMM.dll
0x00007ffd3f2b0000 - 0x00007ffd3f2bb000 	C:\WINDOWS\SYSTEM32\VERSION.dll
0x00007ffd453a0000 - 0x00007ffd453b4000 	C:\WINDOWS\SYSTEM32\UMPDC.dll
0x00007ffd45680000 - 0x00007ffd4569b000 	C:\WINDOWS\SYSTEM32\kernel.appcore.dll
0x00007ffd37e80000 - 0x00007ffd37e8a000 	C:\Program Files\Android\Android Studio\jbr\bin\jimage.dll
0x00007ffd3a7d0000 - 0x00007ffd3aa12000 	C:\WINDOWS\SYSTEM32\DBGHELP.DLL
0x00007ffd49120000 - 0x00007ffd4949b000 	C:\WINDOWS\System32\combase.dll
0x00007ffd47b70000 - 0x00007ffd47c47000 	C:\WINDOWS\System32\OLEAUT32.dll
0x00007ffd267e0000 - 0x00007ffd2681c000 	C:\WINDOWS\SYSTEM32\dbgcore.DLL
0x00007ffd46e30000 - 0x00007ffd46ec8000 	C:\WINDOWS\System32\bcryptPrimitives.dll
0x00007ffd28240000 - 0x00007ffd28260000 	C:\Program Files\Android\Android Studio\jbr\bin\java.dll
0x00007ffd27ce0000 - 0x00007ffd27cf8000 	C:\Program Files\Android\Android Studio\jbr\bin\zip.dll
0x00007ffd48380000 - 0x00007ffd48acd000 	C:\WINDOWS\System32\SHELL32.dll
0x00007ffd46ed0000 - 0x00007ffd4703b000 	C:\WINDOWS\System32\wintypes.dll
0x00007ffd443d0000 - 0x00007ffd44c2d000 	C:\WINDOWS\SYSTEM32\windows.storage.dll
0x00007ffd48b70000 - 0x00007ffd48c62000 	C:\WINDOWS\System32\SHCORE.dll
0x00007ffd47b00000 - 0x00007ffd47b62000 	C:\WINDOWS\System32\shlwapi.dll
0x00007ffd466b0000 - 0x00007ffd466d9000 	C:\WINDOWS\SYSTEM32\profapi.dll
0x00007ffd332d0000 - 0x00007ffd332e0000 	C:\Program Files\Android\Android Studio\jbr\bin\net.dll
0x00007ffd40010000 - 0x00007ffd4012f000 	C:\WINDOWS\SYSTEM32\WINHTTP.dll
0x00007ffd45bf0000 - 0x00007ffd45c5b000 	C:\WINDOWS\system32\mswsock.dll
0x00007ffd18f50000 - 0x00007ffd18f66000 	C:\Program Files\Android\Android Studio\jbr\bin\nio.dll

dbghelp: loaded successfully - version: 4.0.5 - missing functions: none
symbol engine: initialized successfully - sym options: 0x614 - pdb path: .;C:\Program Files\Android\Android Studio\jbr\bin;C:\WINDOWS\SYSTEM32;C:\WINDOWS\WinSxS\amd64_microsoft.windows.common-controls_6595b64144ccf1df_6.0.26100.6899_none_3e0efeeae32e88c1;C:\Program Files\Android\Android Studio\jbr\bin\server

VM Arguments:
jvm_args: -Xmx64m -Xms64m -Dorg.gradle.appname=gradlew 
java_command: org.gradle.wrapper.GradleWrapperMain signingReport
java_class_path (initial): F:\ANDR\baitaptuan5\\gradle\wrapper\gradle-wrapper.jar
Launcher Type: SUN_STANDARD

[Global flags]
     intx CICompilerCount                          = 4                                         {product} {ergonomic}
     uint ConcGCThreads                            = 3                                         {product} {ergonomic}
     uint G1ConcRefinementThreads                  = 10                                        {product} {ergonomic}
   size_t G1HeapRegionSize                         = 1048576                                   {product} {ergonomic}
    uintx GCDrainStackTargetSize                   = 64                                        {product} {ergonomic}
   size_t InitialHeapSize                          = 67108864                                  {product} {command line}
   size_t MarkStackSize                            = 4194304                                   {product} {ergonomic}
   size_t MaxHeapSize                              = 67108864                                  {product} {command line}
   size_t MaxNewSize                               = 39845888                                  {product} {ergonomic}
   size_t MinHeapDeltaBytes                        = 1048576                                   {product} {ergonomic}
   size_t MinHeapSize                              = 67108864                                  {product} {command line}
    uintx NonNMethodCodeHeapSize                   = 5839372                                {pd product} {ergonomic}
    uintx NonProfiledCodeHeapSize                  = 122909434                              {pd product} {ergonomic}
    uintx ProfiledCodeHeapSize                     = 122909434                              {pd product} {ergonomic}
    uintx ReservedCodeCacheSize                    = 251658240                              {pd product} {ergonomic}
     bool SegmentedCodeCache                       = true                                      {product} {ergonomic}
   size_t SoftMaxHeapSize                          = 67108864                               {manageable} {ergonomic}
     bool UseCompressedOops                        = true                           {product lp64_product} {ergonomic}
     bool UseG1GC                                  = true                                      {product} {ergonomic}
     bool UseLargePagesIndividualAllocation        = false                                  {pd product} {ergonomic}

Logging:
Log output configuration:
 #0: stdout all=warning uptime,level,tags foldmultilines=false
 #1: stderr all=off uptime,level,tags foldmultilines=false

Environment Variables:
JAVA_HOME=C:\Program Files\Android\Android Studio\jbr
CLASSPATH=F:\ANDR\baitaptuan5\\gradle\wrapper\gradle-wrapper.jar
PATH=C:\Program Files (x86)\VMware\VMware Workstation\bin\;C:\Program Files\Python312\Scripts\;C:\Program Files\Python312\;C:\windows\system32;C:\windows;C:\windows\System32\Wbem;C:\windows\System32\WindowsPowerShell\v1.0\;C:\windows\System32\OpenSSH\;C:\Program Files (x86)\NVIDIA Corporation\PhysX\Common;C:\Program Files\NVIDIA Corporation\NVIDIA NvDLISR;C:\Program Files (x86)\Windows Kits\10\Windows Performance Toolkit\;C:\Program Files\HP\HP One Agent;C:\Program Files (x86)\Microsoft SQL Server\160\Tools\Binn\;C:\Program Files\Microsoft SQL Server\160\Tools\Binn\;C:\Program Files\Microsoft SQL Server\Client SDK\ODBC\170\Tools\Binn\;C:\Program Files\Microsoft SQL Server\160\DTS\Binn\;C:\Program Files (x86)\Microsoft SQL Server\160\DTS\Binn\;C:\WINDOWS\system32;C:\WINDOWS;C:\WINDOWS\System32\Wbem;C:\WINDOWS\System32\WindowsPowerShell\v1.0\;C:\WINDOWS\System32\OpenSSH\;C:\Program Files\Git\cmd;C:\Program Files\Cloudflare\Cloudflare WARP\;C:\Program Files\Docker\Docker\resources\bin;C:\Program Files\GitHub CLI\;C:\Users\admin\AppData\Local\Microsoft\WindowsApps;C:\Users\admin\AppData\Local\Programs\Microsoft VS Code\bin;C:\Program Files\JetBrains\IntelliJ IDEA Community Edition 2024.3.3\bin;;C:\Users\admin\AppData\Local\Programs\cursor\resources\app\bin;C:\Users\admin\AppData\Local\Programs\Windsurf\bin
USERNAME=admin
OS=Windows_NT
PROCESSOR_IDENTIFIER=AMD64 Family 25 Model 68 Stepping 1, AuthenticAMD
TMP=C:\Users\admin\AppData\Local\Temp
TEMP=C:\Users\admin\AppData\Local\Temp




Periodic native trim disabled

JNI global refs:
JNI global refs: 8, weak refs: 2

JNI global refs memory usage: 835, weak refs: 833

Process memory usage:
Resident Set Size: 51308K (0% of 7541976K total physical memory with 763348K free physical memory)

OOME stack traces (most recent first):
Classloader memory used:
Loader bootstrap                                                                       : 7813K
Loader java.net.URLClassLoader                                                         : 212K
Loader jdk.internal.loader.ClassLoaders$AppClassLoader                                 : 154K

---------------  S Y S T E M  ---------------

OS:
 Windows 11 , 64 bit Build 26100 (10.0.26100.6725)
OS uptime: 0 days 11:51 hours
Hyper-V role detected

CPU: total 12 (initial active 12) (12 cores per cpu, 2 threads per core) family 25 model 68 stepping 1 microcode 0xa404105, cx8, cmov, fxsr, ht, mmx, 3dnowpref, sse, sse2, sse3, ssse3, sse4a, sse4.1, sse4.2, popcnt, lzcnt, tsc, tscinvbit, avx, avx2, aes, erms, clmul, bmi1, bmi2, adx, sha, fma, vzeroupper, clflush, clflushopt, hv, rdtscp, rdpid, fsrm, f16c, cet_ss
Processor Information for processor 0
  Max Mhz: 3301, Current Mhz: 2640, Mhz Limit: 3301
Processor Information for processor 1
  Max Mhz: 3301, Current Mhz: 3301, Mhz Limit: 3301
Processor Information for processor 2
  Max Mhz: 3301, Current Mhz: 2640, Mhz Limit: 3301
Processor Information for processor 3
  Max Mhz: 3301, Current Mhz: 2640, Mhz Limit: 3301
Processor Information for processor 4
  Max Mhz: 3301, Current Mhz: 3301, Mhz Limit: 3301
Processor Information for processor 5
  Max Mhz: 3301, Current Mhz: 2640, Mhz Limit: 3301
Processor Information for processor 6
  Max Mhz: 3301, Current Mhz: 3301, Mhz Limit: 3301
Processor Information for processor 7
  Max Mhz: 3301, Current Mhz: 2640, Mhz Limit: 3301
Processor Information for processor 8
  Max Mhz: 3301, Current Mhz: 2640, Mhz Limit: 3301
Processor Information for processor 9
  Max Mhz: 3301, Current Mhz: 2640, Mhz Limit: 3301
Processor Information for processor 10
  Max Mhz: 3301, Current Mhz: 2640, Mhz Limit: 3301
Processor Information for processor 11
  Max Mhz: 3301, Current Mhz: 2640, Mhz Limit: 3301

Memory: 4k page, system-wide physical 7365M (745M free)
TotalPageFile size 22075M (AvailPageFile size 2M)
current process WorkingSet (physical memory assigned to process): 50M, peak: 50M
current process commit charge ("private bytes"): 147M, peak: 148M

vm_info: OpenJDK 64-Bit Server VM (21.0.7+-13880790-b1038.58) for windows-amd64 JRE (21.0.7+-13880790-b1038.58), built on 2025-08-04T20:56:21Z by "builder" with MS VC++ 16.10 / 16.11 (VS2019)

END.
